TN:
SF:server\blockchain-service.ts
FN:44,BlockchainService
FN:49,ensureInitialized
FN:56,initialize
FN:109,isEnabled
FN:118,cleanup
FN:141,hashContractTerms
FN:150,pkrToWei
FN:161,generateAddressFromId
FN:171,createContract
FN:224,updateContractStatus
FN:248,terminateContract
FN:272,isContractDeployed
FN:289,getContract
FN:329,verifyContract
FN:360,getContractsByLandlord
FN:377,getContractsByTenant
FN:394,getTotalContracts
FNF:17
FNH:1
FNDA:4,BlockchainService
FNDA:0,ensureInitialized
FNDA:0,initialize
FNDA:0,isEnabled
FNDA:0,cleanup
FNDA:0,hashContractTerms
FNDA:0,pkrToWei
FNDA:0,generateAddressFromId
FNDA:0,createContract
FNDA:0,updateContractStatus
FNDA:0,terminateContract
FNDA:0,isContractDeployed
FNDA:0,getContract
FNDA:0,verifyContract
FNDA:0,getContractsByLandlord
FNDA:0,getContractsByTenant
FNDA:0,getTotalContracts
DA:1,1
DA:8,1
DA:9,1
DA:11,1
DA:12,1
DA:13,1
DA:14,1
DA:15,1
DA:16,1
DA:17,0
DA:18,0
DA:19,0
DA:20,0
DA:21,0
DA:36,1
DA:37,1
DA:38,1
DA:39,1
DA:40,1
DA:41,1
DA:42,1
DA:44,1
DA:47,4
DA:49,1
DA:50,0
DA:51,0
DA:52,0
DA:53,0
DA:54,0
DA:56,1
DA:57,0
DA:59,0
DA:60,0
DA:61,0
DA:62,0
DA:63,0
DA:66,0
DA:67,0
DA:68,0
DA:69,0
DA:71,0
DA:72,0
DA:73,0
DA:75,0
DA:76,0
DA:77,0
DA:78,0
DA:80,0
DA:81,0
DA:82,0
DA:83,0
DA:85,0
DA:86,0
DA:87,0
DA:88,0
DA:91,0
DA:92,0
DA:93,0
DA:94,0
DA:95,0
DA:96,0
DA:97,0
DA:99,0
DA:100,0
DA:101,0
DA:102,0
DA:103,0
DA:104,0
DA:105,0
DA:106,0
DA:107,0
DA:109,1
DA:110,0
DA:111,0
DA:112,0
DA:118,1
DA:119,0
DA:120,0
DA:122,0
DA:123,0
DA:124,0
DA:126,0
DA:127,0
DA:128,0
DA:129,0
DA:130,0
DA:131,0
DA:132,0
DA:133,0
DA:135,0
DA:136,0
DA:141,1
DA:142,0
DA:143,0
DA:144,0
DA:150,1
DA:151,0
DA:154,0
DA:155,0
DA:161,1
DA:163,0
DA:165,0
DA:166,0
DA:171,1
DA:172,0
DA:173,0
DA:174,0
DA:175,0
DA:176,0
DA:178,0
DA:179,0
DA:181,0
DA:182,0
DA:183,0
DA:184,0
DA:185,0
DA:189,0
DA:190,0
DA:192,0
DA:193,0
DA:196,0
DA:197,0
DA:198,0
DA:199,0
DA:200,0
DA:201,0
DA:202,0
DA:203,0
DA:204,0
DA:205,0
DA:206,0
DA:208,0
DA:211,0
DA:212,0
DA:214,0
DA:215,0
DA:216,0
DA:217,0
DA:218,0
DA:219,0
DA:224,1
DA:225,0
DA:226,0
DA:227,0
DA:228,0
DA:229,0
DA:231,0
DA:232,0
DA:234,0
DA:235,0
DA:237,0
DA:238,0
DA:239,0
DA:240,0
DA:241,0
DA:242,0
DA:243,0
DA:248,1
DA:249,0
DA:250,0
DA:251,0
DA:252,0
DA:253,0
DA:255,0
DA:256,0
DA:258,0
DA:259,0
DA:261,0
DA:262,0
DA:263,0
DA:264,0
DA:265,0
DA:266,0
DA:267,0
DA:272,1
DA:273,0
DA:274,0
DA:275,0
DA:276,0
DA:278,0
DA:279,0
DA:280,0
DA:281,0
DA:282,0
DA:283,0
DA:284,0
DA:289,1
DA:290,0
DA:291,0
DA:292,0
DA:293,0
DA:296,0
DA:297,0
DA:298,0
DA:299,0
DA:301,0
DA:302,0
DA:304,0
DA:305,0
DA:306,0
DA:307,0
DA:308,0
DA:309,0
DA:310,0
DA:311,0
DA:312,0
DA:313,0
DA:314,0
DA:315,0
DA:316,0
DA:318,0
DA:319,0
DA:320,0
DA:321,0
DA:322,0
DA:323,0
DA:324,0
DA:329,1
DA:330,0
DA:331,0
DA:332,0
DA:333,0
DA:334,0
DA:335,0
DA:336,0
DA:337,0
DA:338,0
DA:340,0
DA:341,0
DA:343,0
DA:344,0
DA:345,0
DA:346,0
DA:347,0
DA:348,0
DA:350,0
DA:351,0
DA:352,0
DA:353,0
DA:354,0
DA:355,0
DA:360,1
DA:361,0
DA:362,0
DA:363,0
DA:364,0
DA:366,0
DA:367,0
DA:368,0
DA:369,0
DA:370,0
DA:371,0
DA:372,0
DA:377,1
DA:378,0
DA:379,0
DA:380,0
DA:381,0
DA:383,0
DA:384,0
DA:385,0
DA:386,0
DA:387,0
DA:388,0
DA:389,0
DA:394,1
DA:395,0
DA:396,0
DA:397,0
DA:398,0
DA:400,0
DA:401,0
DA:402,0
DA:403,0
DA:404,0
DA:405,0
DA:406,0
DA:407,0
DA:408,1
DA:411,1
LF:280
LH:36
BRDA:16,0,0,0
BRDA:19,1,0,0
BRDA:44,2,0,4
BRF:3
BRH:1
end_of_record
TN:
SF:server\blockchain-verification.ts
FN:1,(empty-report)
FNF:1
FNH:0
FNDA:0,(empty-report)
DA:1,0
DA:2,0
DA:3,0
DA:4,0
DA:5,0
DA:6,0
DA:7,0
DA:8,0
DA:9,0
DA:10,0
DA:11,0
DA:12,0
DA:13,0
DA:14,0
DA:15,0
DA:16,0
DA:17,0
DA:18,0
DA:19,0
DA:20,0
DA:21,0
DA:22,0
DA:23,0
DA:24,0
DA:25,0
DA:26,0
DA:27,0
DA:28,0
DA:29,0
DA:30,0
DA:31,0
DA:32,0
DA:33,0
DA:34,0
DA:35,0
DA:36,0
DA:37,0
DA:38,0
DA:39,0
DA:40,0
DA:41,0
DA:42,0
DA:43,0
DA:44,0
DA:45,0
DA:46,0
DA:47,0
DA:48,0
DA:49,0
DA:50,0
DA:51,0
DA:52,0
DA:53,0
DA:54,0
DA:55,0
DA:56,0
DA:57,0
DA:58,0
DA:59,0
DA:60,0
DA:61,0
DA:62,0
DA:63,0
DA:64,0
DA:65,0
DA:66,0
DA:67,0
DA:68,0
DA:69,0
DA:70,0
DA:71,0
DA:72,0
DA:73,0
DA:74,0
DA:75,0
DA:76,0
DA:77,0
DA:78,0
DA:79,0
DA:80,0
DA:81,0
DA:82,0
DA:83,0
DA:84,0
DA:85,0
DA:86,0
DA:87,0
DA:88,0
DA:89,0
DA:90,0
DA:91,0
DA:92,0
DA:93,0
DA:94,0
DA:95,0
DA:96,0
DA:97,0
DA:98,0
DA:99,0
DA:100,0
DA:101,0
DA:102,0
DA:103,0
DA:104,0
DA:105,0
DA:106,0
DA:107,0
DA:108,0
DA:109,0
DA:110,0
DA:111,0
DA:112,0
DA:113,0
DA:114,0
DA:115,0
DA:116,0
DA:117,0
DA:118,0
DA:119,0
LF:119
LH:0
BRDA:1,0,0,0
BRF:1
BRH:0
end_of_record
TN:
SF:server\firebase-auth.ts
FN:1,(empty-report)
FNF:1
FNH:0
FNDA:0,(empty-report)
DA:1,0
DA:2,0
DA:3,0
DA:4,0
DA:5,0
DA:6,0
DA:7,0
DA:8,0
DA:9,0
DA:10,0
DA:11,0
DA:12,0
DA:13,0
DA:14,0
DA:15,0
DA:16,0
DA:17,0
DA:18,0
DA:19,0
DA:20,0
DA:21,0
DA:22,0
DA:23,0
DA:24,0
DA:25,0
DA:26,0
DA:27,0
DA:28,0
DA:29,0
DA:30,0
DA:31,0
DA:32,0
DA:33,0
DA:34,0
DA:35,0
DA:36,0
DA:37,0
DA:38,0
DA:39,0
DA:40,0
DA:41,0
DA:42,0
DA:43,0
DA:44,0
DA:45,0
DA:46,0
DA:47,0
DA:48,0
DA:49,0
DA:50,0
DA:51,0
DA:52,0
DA:53,0
DA:54,0
DA:55,0
DA:56,0
DA:57,0
DA:58,0
DA:59,0
DA:60,0
DA:61,0
DA:62,0
DA:63,0
DA:64,0
DA:65,0
DA:66,0
DA:67,0
DA:68,0
DA:69,0
DA:70,0
DA:71,0
DA:72,0
DA:73,0
DA:74,0
DA:75,0
DA:76,0
DA:77,0
DA:78,0
DA:79,0
DA:80,0
DA:81,0
DA:82,0
DA:83,0
DA:84,0
DA:85,0
DA:86,0
DA:87,0
DA:88,0
DA:89,0
DA:90,0
DA:91,0
DA:92,0
DA:93,0
DA:94,0
DA:95,0
DA:96,0
DA:97,0
DA:98,0
DA:99,0
DA:100,0
DA:101,0
DA:102,0
DA:103,0
DA:104,0
DA:105,0
DA:106,0
DA:107,0
DA:108,0
DA:109,0
DA:110,0
DA:111,0
DA:112,0
DA:113,0
DA:114,0
DA:115,0
DA:116,0
DA:117,0
DA:118,0
DA:119,0
DA:120,0
DA:121,0
DA:122,0
DA:123,0
DA:124,0
DA:125,0
DA:126,0
DA:127,0
DA:128,0
DA:129,0
DA:130,0
DA:131,0
DA:132,0
DA:133,0
DA:134,0
DA:135,0
DA:136,0
DA:137,0
DA:138,0
DA:139,0
DA:140,0
DA:141,0
DA:142,0
DA:143,0
DA:144,0
DA:145,0
DA:146,0
DA:147,0
DA:148,0
DA:149,0
DA:150,0
DA:151,0
DA:152,0
DA:153,0
DA:154,0
DA:155,0
DA:156,0
DA:157,0
DA:158,0
DA:159,0
DA:160,0
DA:161,0
DA:162,0
DA:163,0
DA:164,0
DA:165,0
DA:166,0
DA:167,0
DA:168,0
DA:169,0
DA:170,0
DA:171,0
DA:172,0
DA:173,0
DA:174,0
DA:175,0
DA:176,0
DA:177,0
DA:178,0
DA:179,0
DA:180,0
DA:181,0
DA:182,0
DA:183,0
DA:184,0
DA:185,0
DA:186,0
DA:187,0
DA:188,0
DA:189,0
DA:190,0
DA:191,0
DA:192,0
DA:193,0
DA:194,0
DA:195,0
DA:196,0
DA:197,0
DA:198,0
LF:198
LH:0
BRDA:1,0,0,0
BRF:1
BRH:0
end_of_record
TN:
SF:server\firebase-storage.ts
FN:34,convertTimestamp
FN:42,prepareForFirestore
FN:59,createUser
FN:75,getUserById
FN:91,getUserByEmail
FN:108,updateUser
FN:115,createProperty
FN:128,getPropertyById
FN:144,getPropertiesByLandlord
FN:163,getAvailableProperties
FN:182,getProperties
FN:235,getProperty
FN:239,deleteProperty
FN:244,updateProperty
FN:251,createContract
FN:293,getContractById
FN:311,getContractsByUser
FN:332,updateContract
FN:338,getContracts
FN:370,getContract
FN:374,deleteContract
FN:380,createPayment
FN:386,getPaymentById
FN:404,getPaymentsByContract
FN:425,updatePayment
FN:431,getPayments
FN:466,getPayment
FN:471,createDocument
FN:477,getDocumentById
FN:492,getDocumentsByUser
FN:510,getDocuments
FN:543,createDispute
FN:549,getDisputeById
FN:566,getDisputesByContract
FN:586,updateDispute
FN:592,getDisputes
FN:621,getAllUsers
FN:636,updateUserVerificationStatus
FN:644,getLandlordStats
FN:655,getTenantStats
FN:666,getAdminStats
FN:679,createMessage
FN:700,getMessages
FNF:43
FNH:0
FNDA:0,convertTimestamp
FNDA:0,prepareForFirestore
FNDA:0,createUser
FNDA:0,getUserById
FNDA:0,getUserByEmail
FNDA:0,updateUser
FNDA:0,createProperty
FNDA:0,getPropertyById
FNDA:0,getPropertiesByLandlord
FNDA:0,getAvailableProperties
FNDA:0,getProperties
FNDA:0,getProperty
FNDA:0,deleteProperty
FNDA:0,updateProperty
FNDA:0,createContract
FNDA:0,getContractById
FNDA:0,getContractsByUser
FNDA:0,updateContract
FNDA:0,getContracts
FNDA:0,getContract
FNDA:0,deleteContract
FNDA:0,createPayment
FNDA:0,getPaymentById
FNDA:0,getPaymentsByContract
FNDA:0,updatePayment
FNDA:0,getPayments
FNDA:0,getPayment
FNDA:0,createDocument
FNDA:0,getDocumentById
FNDA:0,getDocumentsByUser
FNDA:0,getDocuments
FNDA:0,createDispute
FNDA:0,getDisputeById
FNDA:0,getDisputesByContract
FNDA:0,updateDispute
FNDA:0,getDisputes
FNDA:0,getAllUsers
FNDA:0,updateUserVerificationStatus
FNDA:0,getLandlordStats
FNDA:0,getTenantStats
FNDA:0,getAdminStats
FNDA:0,createMessage
FNDA:0,getMessages
DA:1,1
DA:34,1
DA:35,0
DA:36,0
DA:37,0
DA:38,0
DA:39,0
DA:42,1
DA:43,0
DA:46,0
DA:47,0
DA:48,0
DA:49,0
DA:50,0
DA:52,0
DA:53,0
DA:54,0
DA:55,0
DA:57,1
DA:59,1
DA:60,0
DA:62,0
DA:64,0
DA:65,0
DA:66,0
DA:68,0
DA:69,0
DA:71,0
DA:72,0
DA:73,0
DA:75,1
DA:76,0
DA:77,0
DA:79,0
DA:80,0
DA:81,0
DA:82,0
DA:83,0
DA:84,0
DA:85,0
DA:86,0
DA:87,0
DA:88,0
DA:89,0
DA:91,1
DA:92,0
DA:93,0
DA:95,0
DA:96,0
DA:97,0
DA:98,0
DA:99,0
DA:100,0
DA:101,0
DA:102,0
DA:103,0
DA:104,0
DA:105,0
DA:106,0
DA:108,1
DA:109,0
DA:110,0
DA:111,0
DA:112,0
DA:115,1
DA:116,0
DA:117,0
DA:118,0
DA:119,0
DA:120,0
DA:121,0
DA:122,0
DA:123,0
DA:124,0
DA:125,0
DA:126,0
DA:128,1
DA:129,0
DA:130,0
DA:132,0
DA:133,0
DA:134,0
DA:135,0
DA:136,0
DA:137,0
DA:138,0
DA:139,0
DA:140,0
DA:141,0
DA:142,0
DA:144,1
DA:145,0
DA:146,0
DA:147,0
DA:148,0
DA:149,0
DA:150,0
DA:152,0
DA:153,0
DA:154,0
DA:155,0
DA:156,0
DA:157,0
DA:158,0
DA:159,0
DA:160,0
DA:161,0
DA:163,1
DA:165,0
DA:166,0
DA:168,0
DA:169,0
DA:170,0
DA:171,0
DA:172,0
DA:173,0
DA:174,0
DA:175,0
DA:176,0
DA:177,0
DA:178,0
DA:179,0
DA:180,0
DA:182,1
DA:184,0
DA:185,0
DA:187,0
DA:188,0
DA:189,0
DA:190,0
DA:191,0
DA:192,0
DA:193,0
DA:194,0
DA:195,0
DA:198,0
DA:199,0
DA:200,0
DA:201,0
DA:202,0
DA:203,0
DA:204,0
DA:205,0
DA:206,0
DA:207,0
DA:208,0
DA:209,0
DA:210,0
DA:211,0
DA:212,0
DA:213,0
DA:214,0
DA:215,0
DA:218,0
DA:219,0
DA:220,0
DA:221,0
DA:222,0
DA:225,0
DA:226,0
DA:227,0
DA:228,0
DA:229,0
DA:230,0
DA:232,0
DA:233,0
DA:235,1
DA:236,0
DA:237,0
DA:239,1
DA:240,0
DA:241,0
DA:242,0
DA:244,1
DA:245,0
DA:246,0
DA:247,0
DA:248,0
DA:251,1
DA:252,0
DA:253,0
DA:256,0
DA:257,0
DA:258,0
DA:259,0
DA:261,0
DA:262,0
DA:264,0
DA:265,0
DA:266,0
DA:267,0
DA:268,0
DA:269,0
DA:270,0
DA:271,0
DA:272,0
DA:273,0
DA:274,0
DA:275,0
DA:277,0
DA:279,0
DA:280,0
DA:281,0
DA:282,0
DA:283,0
DA:284,0
DA:286,0
DA:287,0
DA:288,0
DA:290,0
DA:291,0
DA:293,1
DA:294,0
DA:295,0
DA:297,0
DA:298,0
DA:299,0
DA:300,0
DA:301,0
DA:302,0
DA:303,0
DA:304,0
DA:305,0
DA:306,0
DA:307,0
DA:308,0
DA:309,0
DA:311,1
DA:312,0
DA:313,0
DA:314,0
DA:315,0
DA:316,0
DA:317,0
DA:319,0
DA:320,0
DA:321,0
DA:322,0
DA:323,0
DA:324,0
DA:325,0
DA:326,0
DA:327,0
DA:328,0
DA:329,0
DA:330,0
DA:332,1
DA:333,0
DA:334,0
DA:335,0
DA:336,0
DA:338,1
DA:339,0
DA:340,0
DA:342,0
DA:343,0
DA:344,0
DA:345,0
DA:346,0
DA:347,0
DA:349,0
DA:350,0
DA:351,0
DA:352,0
DA:353,0
DA:355,0
DA:357,0
DA:358,0
DA:359,0
DA:360,0
DA:361,0
DA:362,0
DA:363,0
DA:364,0
DA:365,0
DA:366,0
DA:367,0
DA:368,0
DA:370,1
DA:371,0
DA:372,0
DA:374,1
DA:375,0
DA:376,0
DA:377,0
DA:380,1
DA:381,0
DA:382,0
DA:383,0
DA:384,0
DA:386,1
DA:387,0
DA:388,0
DA:390,0
DA:391,0
DA:392,0
DA:393,0
DA:394,0
DA:395,0
DA:396,0
DA:397,0
DA:398,0
DA:399,0
DA:400,0
DA:401,0
DA:402,0
DA:404,1
DA:405,0
DA:406,0
DA:407,0
DA:408,0
DA:409,0
DA:410,0
DA:412,0
DA:413,0
DA:414,0
DA:415,0
DA:416,0
DA:417,0
DA:418,0
DA:419,0
DA:420,0
DA:421,0
DA:422,0
DA:423,0
DA:425,1
DA:426,0
DA:427,0
DA:428,0
DA:429,0
DA:431,1
DA:432,0
DA:433,0
DA:435,0
DA:436,0
DA:437,0
DA:438,0
DA:439,0
DA:440,0
DA:441,0
DA:442,0
DA:443,0
DA:445,0
DA:446,0
DA:447,0
DA:448,0
DA:449,0
DA:451,0
DA:453,0
DA:454,0
DA:455,0
DA:456,0
DA:457,0
DA:458,0
DA:459,0
DA:460,0
DA:461,0
DA:462,0
DA:463,0
DA:464,0
DA:466,1
DA:467,0
DA:468,0
DA:471,1
DA:472,0
DA:473,0
DA:474,0
DA:475,0
DA:477,1
DA:478,0
DA:479,0
DA:481,0
DA:482,0
DA:483,0
DA:484,0
DA:485,0
DA:486,0
DA:487,0
DA:488,0
DA:489,0
DA:490,0
DA:492,1
DA:493,0
DA:494,0
DA:495,0
DA:496,0
DA:497,0
DA:498,0
DA:500,0
DA:501,0
DA:502,0
DA:503,0
DA:504,0
DA:505,0
DA:506,0
DA:507,0
DA:508,0
DA:510,1
DA:511,0
DA:512,0
DA:514,0
DA:515,0
DA:516,0
DA:517,0
DA:518,0
DA:519,0
DA:520,0
DA:521,0
DA:522,0
DA:524,0
DA:525,0
DA:526,0
DA:527,0
DA:528,0
DA:530,0
DA:532,0
DA:533,0
DA:534,0
DA:535,0
DA:536,0
DA:537,0
DA:538,0
DA:539,0
DA:540,0
DA:543,1
DA:544,0
DA:545,0
DA:546,0
DA:547,0
DA:549,1
DA:550,0
DA:551,0
DA:553,0
DA:554,0
DA:555,0
DA:556,0
DA:557,0
DA:558,0
DA:559,0
DA:560,0
DA:561,0
DA:562,0
DA:563,0
DA:564,0
DA:566,1
DA:567,0
DA:568,0
DA:569,0
DA:570,0
DA:571,0
DA:572,0
DA:574,0
DA:575,0
DA:576,0
DA:577,0
DA:578,0
DA:579,0
DA:580,0
DA:581,0
DA:582,0
DA:583,0
DA:584,0
DA:586,1
DA:587,0
DA:588,0
DA:589,0
DA:590,0
DA:592,1
DA:593,0
DA:594,0
DA:596,0
DA:597,0
DA:598,0
DA:600,0
DA:601,0
DA:602,0
DA:603,0
DA:604,0
DA:606,0
DA:608,0
DA:609,0
DA:610,0
DA:611,0
DA:612,0
DA:613,0
DA:614,0
DA:615,0
DA:616,0
DA:617,0
DA:618,0
DA:621,1
DA:622,0
DA:623,0
DA:625,0
DA:626,0
DA:627,0
DA:628,0
DA:629,0
DA:630,0
DA:631,0
DA:632,0
DA:633,0
DA:634,0
DA:636,1
DA:637,0
DA:638,0
DA:639,0
DA:640,0
DA:641,0
DA:642,0
DA:644,1
DA:645,0
DA:646,0
DA:648,0
DA:649,0
DA:650,0
DA:651,0
DA:652,0
DA:653,0
DA:655,1
DA:656,0
DA:657,0
DA:659,0
DA:660,0
DA:661,0
DA:662,0
DA:663,0
DA:664,0
DA:666,1
DA:667,0
DA:668,0
DA:669,0
DA:671,0
DA:672,0
DA:673,0
DA:674,0
DA:675,0
DA:676,0
DA:679,1
DA:684,0
DA:685,0
DA:686,0
DA:687,0
DA:688,0
DA:689,0
DA:690,0
DA:691,0
DA:692,0
DA:693,0
DA:694,0
DA:695,0
DA:696,0
DA:697,0
DA:698,0
DA:700,1
DA:705,0
DA:706,0
DA:708,0
DA:710,0
DA:711,0
DA:712,0
DA:713,0
DA:714,0
DA:715,0
DA:716,0
DA:717,0
DA:718,0
DA:719,0
DA:720,0
DA:721,0
DA:723,0
DA:724,0
DA:725,0
DA:726,0
DA:728,0
DA:729,0
DA:730,0
DA:731,0
DA:732,0
DA:733,0
DA:734,0
DA:735,0
DA:736,0
DA:737,0
DA:738,0
DA:739,0
DA:741,0
DA:742,0
DA:743,0
DA:744,0
DA:745,0
DA:746,0
DA:749,0
DA:750,0
DA:751,0
DA:752,0
DA:753,0
DA:754,0
DA:755,0
DA:756,0
DA:757,0
DA:758,0
DA:759,0
DA:760,0
DA:761,1
DA:763,1
LF:606
LH:47
BRF:0
BRH:0
end_of_record
TN:
SF:server\mongodb-disputes-storage.ts
FN:1,(empty-report)
FNF:1
FNH:0
FNDA:0,(empty-report)
DA:1,0
DA:2,0
DA:3,0
DA:4,0
DA:5,0
DA:6,0
DA:7,0
DA:8,0
DA:9,0
DA:10,0
DA:11,0
DA:12,0
DA:13,0
DA:14,0
DA:15,0
DA:16,0
DA:17,0
DA:18,0
DA:19,0
DA:20,0
DA:21,0
DA:22,0
DA:23,0
DA:24,0
DA:25,0
DA:26,0
DA:27,0
DA:28,0
DA:29,0
DA:30,0
DA:31,0
DA:32,0
DA:33,0
DA:34,0
DA:35,0
DA:36,0
DA:37,0
DA:38,0
DA:39,0
DA:40,0
DA:41,0
DA:42,0
DA:43,0
DA:44,0
DA:45,0
DA:46,0
DA:47,0
DA:48,0
DA:49,0
DA:50,0
DA:51,0
DA:52,0
DA:53,0
DA:54,0
DA:55,0
DA:56,0
DA:57,0
DA:58,0
DA:59,0
DA:60,0
DA:61,0
DA:62,0
DA:63,0
DA:64,0
DA:65,0
DA:66,0
DA:67,0
DA:68,0
DA:69,0
DA:70,0
DA:71,0
DA:72,0
DA:73,0
DA:74,0
DA:75,0
DA:76,0
DA:77,0
DA:78,0
DA:79,0
DA:80,0
DA:81,0
DA:82,0
DA:83,0
DA:84,0
DA:85,0
DA:86,0
DA:87,0
DA:88,0
DA:89,0
DA:90,0
DA:91,0
DA:92,0
DA:93,0
DA:94,0
DA:95,0
DA:96,0
DA:97,0
DA:98,0
DA:99,0
DA:100,0
DA:101,0
DA:102,0
DA:103,0
DA:104,0
DA:105,0
DA:106,0
DA:107,0
DA:108,0
DA:109,0
DA:110,0
DA:111,0
DA:112,0
DA:113,0
DA:114,0
DA:115,0
DA:116,0
DA:117,0
DA:118,0
DA:119,0
DA:120,0
DA:121,0
DA:122,0
DA:123,0
DA:124,0
DA:125,0
DA:126,0
DA:127,0
DA:128,0
DA:129,0
DA:130,0
DA:131,0
DA:132,0
DA:133,0
DA:134,0
DA:135,0
DA:136,0
DA:137,0
DA:138,0
DA:139,0
DA:140,0
DA:141,0
DA:142,0
DA:143,0
DA:144,0
DA:145,0
DA:146,0
DA:147,0
DA:148,0
DA:149,0
DA:150,0
DA:151,0
DA:152,0
DA:153,0
DA:154,0
DA:155,0
DA:156,0
DA:157,0
DA:158,0
DA:159,0
DA:160,0
DA:161,0
DA:162,0
DA:163,0
DA:164,0
DA:165,0
DA:166,0
DA:167,0
DA:168,0
DA:169,0
DA:170,0
DA:171,0
DA:172,0
DA:173,0
DA:174,0
DA:175,0
DA:176,0
DA:177,0
DA:178,0
DA:179,0
DA:180,0
DA:181,0
DA:182,0
DA:183,0
DA:184,0
DA:185,0
DA:186,0
DA:187,0
DA:188,0
DA:189,0
DA:190,0
DA:191,0
DA:192,0
DA:193,0
DA:194,0
DA:195,0
DA:196,0
DA:197,0
DA:198,0
DA:199,0
DA:200,0
DA:201,0
DA:202,0
DA:203,0
DA:204,0
DA:205,0
DA:206,0
DA:207,0
DA:208,0
DA:209,0
DA:210,0
DA:211,0
DA:212,0
DA:213,0
DA:214,0
DA:215,0
DA:216,0
DA:217,0
DA:218,0
DA:219,0
LF:219
LH:0
BRDA:1,0,0,0
BRF:1
BRH:0
end_of_record
TN:
SF:server\mongodb-models.ts
FN:10,getPropertyModel
FN:17,getDocumentModel
FN:24,getDisputeModel
FN:31,getContractModel
FN:38,initializeModels
FNF:5
FNH:0
FNDA:0,getPropertyModel
FNDA:0,getDocumentModel
FNDA:0,getDisputeModel
FNDA:0,getContractModel
FNDA:0,initializeModels
DA:4,1
DA:5,1
DA:6,1
DA:7,1
DA:8,1
DA:10,0
DA:11,0
DA:12,0
DA:13,0
DA:14,0
DA:15,0
DA:17,0
DA:18,0
DA:19,0
DA:20,0
DA:21,0
DA:22,0
DA:24,0
DA:25,0
DA:26,0
DA:27,0
DA:28,0
DA:29,0
DA:31,0
DA:32,0
DA:33,0
DA:34,0
DA:35,0
DA:36,0
DA:38,0
DA:39,0
DA:41,0
DA:42,0
DA:43,0
DA:46,0
DA:47,0
DA:48,0
DA:49,0
DA:50,0
DA:51,0
DA:52,0
DA:53,0
DA:54,0
DA:55,0
DA:56,0
DA:57,0
DA:58,0
DA:59,0
DA:60,0
DA:61,0
DA:62,0
DA:63,0
DA:64,0
DA:65,0
DA:66,0
DA:67,0
DA:68,0
DA:69,0
DA:70,0
DA:71,0
DA:72,0
DA:73,0
DA:74,0
DA:75,0
DA:76,0
DA:77,0
DA:78,0
DA:81,0
DA:82,0
DA:83,0
DA:85,0
DA:88,0
DA:89,0
DA:90,0
DA:91,0
DA:92,0
DA:93,0
DA:94,0
DA:95,0
DA:96,0
DA:97,0
DA:98,0
DA:99,0
DA:100,0
DA:101,0
DA:104,0
DA:105,0
DA:106,0
DA:108,0
DA:111,0
DA:112,0
DA:113,0
DA:114,0
DA:115,0
DA:116,0
DA:117,0
DA:118,0
DA:119,0
DA:120,0
DA:121,0
DA:122,0
DA:123,0
DA:124,0
DA:125,0
DA:126,0
DA:127,0
DA:128,0
DA:129,0
DA:130,0
DA:131,0
DA:132,0
DA:133,0
DA:134,0
DA:135,0
DA:136,0
DA:137,0
DA:138,0
DA:139,0
DA:140,0
DA:141,0
DA:142,0
DA:143,0
DA:144,0
DA:145,0
DA:146,0
DA:147,0
DA:148,0
DA:149,0
DA:150,0
DA:151,0
DA:152,0
DA:153,0
DA:154,0
DA:155,0
DA:158,0
DA:159,0
DA:160,0
DA:161,0
DA:162,0
DA:164,0
DA:167,0
DA:168,0
DA:169,0
DA:170,0
DA:171,0
DA:172,0
DA:173,0
DA:174,0
DA:175,0
DA:176,0
DA:177,0
DA:178,0
DA:179,0
DA:180,0
DA:181,0
DA:182,0
DA:183,0
DA:184,0
DA:185,0
DA:186,0
DA:187,0
DA:188,0
DA:191,0
DA:192,0
DA:193,0
DA:194,0
DA:196,0
DA:198,0
DA:199,0
DA:200,0
DA:201,0
DA:202,0
DA:203,0
LF:173
LH:5
BRF:0
BRH:0
end_of_record
TN:
SF:server\mongodb-storage.ts
FN:7,checkConnection
FN:13,createProperty
FN:26,getProperty
FN:39,getProperties
FN:113,updateProperty
FN:131,deleteProperty
FN:142,getPropertiesByLandlord
FN:157,createDocument
FN:169,getDocument
FN:182,getDocuments
FN:209,getDocumentsByProperty
FN:224,getLandlordStats
FN:256,updateDocument
FN:274,deleteDocument
FN:286,createContract
FN:337,getContract
FN:350,getContracts
FN:382,updateContract
FN:410,deleteContract
FN:422,mapPropertyToSchema
FN:446,mapDocumentToSchema
FN:462,mapContractToSchema
FNF:22
FNH:4
FNDA:1,checkConnection
FNDA:0,createProperty
FNDA:0,getProperty
FNDA:0,getProperties
FNDA:0,updateProperty
FNDA:0,deleteProperty
FNDA:0,getPropertiesByLandlord
FNDA:0,createDocument
FNDA:0,getDocument
FNDA:0,getDocuments
FNDA:0,getDocumentsByProperty
FNDA:0,getLandlordStats
FNDA:0,updateDocument
FNDA:0,deleteDocument
FNDA:1,createContract
FNDA:3,getContract
FNDA:2,getContracts
FNDA:0,updateContract
FNDA:0,deleteContract
FNDA:0,mapPropertyToSchema
FNDA:0,mapDocumentToSchema
FNDA:0,mapContractToSchema
DA:1,1
DA:6,1
DA:7,1
DA:8,1
DA:9,1
DA:10,1
DA:11,1
DA:13,1
DA:14,0
DA:15,0
DA:16,0
DA:17,0
DA:18,0
DA:19,0
DA:20,0
DA:22,0
DA:23,0
DA:24,0
DA:26,1
DA:27,0
DA:28,0
DA:29,0
DA:30,0
DA:31,0
DA:32,0
DA:33,0
DA:34,0
DA:35,0
DA:36,0
DA:37,0
DA:39,1
DA:40,0
DA:41,0
DA:42,0
DA:43,0
DA:46,0
DA:47,0
DA:48,0
DA:49,0
DA:50,0
DA:51,0
DA:52,0
DA:53,0
DA:54,0
DA:55,0
DA:56,0
DA:57,0
DA:58,0
DA:59,0
DA:60,0
DA:63,0
DA:66,0
DA:67,0
DA:68,0
DA:70,0
DA:71,0
DA:72,0
DA:73,0
DA:74,0
DA:75,0
DA:78,0
DA:79,0
DA:80,0
DA:81,0
DA:82,0
DA:84,0
DA:85,0
DA:86,0
DA:87,0
DA:88,0
DA:89,0
DA:91,0
DA:92,0
DA:95,0
DA:98,0
DA:99,0
DA:100,0
DA:101,0
DA:102,0
DA:103,0
DA:105,0
DA:106,0
DA:107,0
DA:108,0
DA:109,0
DA:110,0
DA:111,0
DA:113,1
DA:114,0
DA:115,0
DA:116,0
DA:117,0
DA:118,0
DA:119,0
DA:120,0
DA:121,0
DA:123,0
DA:124,0
DA:125,0
DA:126,0
DA:127,0
DA:128,0
DA:129,0
DA:131,1
DA:132,0
DA:133,0
DA:134,0
DA:135,0
DA:136,0
DA:137,0
DA:138,0
DA:139,0
DA:140,0
DA:142,1
DA:143,0
DA:144,0
DA:145,0
DA:146,0
DA:147,0
DA:148,0
DA:149,0
DA:150,0
DA:151,0
DA:152,0
DA:153,0
DA:154,0
DA:157,1
DA:158,0
DA:159,0
DA:160,0
DA:161,0
DA:162,0
DA:163,0
DA:165,0
DA:166,0
DA:167,0
DA:169,1
DA:170,0
DA:171,0
DA:172,0
DA:173,0
DA:174,0
DA:175,0
DA:176,0
DA:177,0
DA:178,0
DA:179,0
DA:180,0
DA:182,1
DA:183,0
DA:184,0
DA:185,0
DA:186,0
DA:188,0
DA:189,0
DA:190,0
DA:191,0
DA:192,0
DA:193,0
DA:194,0
DA:195,0
DA:196,0
DA:198,0
DA:199,0
DA:200,0
DA:202,0
DA:203,0
DA:204,0
DA:205,0
DA:206,0
DA:207,0
DA:209,1
DA:210,0
DA:211,0
DA:212,0
DA:213,0
DA:214,0
DA:215,0
DA:216,0
DA:217,0
DA:218,0
DA:219,0
DA:220,0
DA:221,0
DA:224,1
DA:225,0
DA:226,0
DA:227,0
DA:228,0
DA:229,0
DA:230,0
DA:231,0
DA:232,0
DA:233,0
DA:234,0
DA:237,0
DA:238,0
DA:239,0
DA:240,0
DA:241,0
DA:242,0
DA:243,0
DA:244,0
DA:245,0
DA:246,0
DA:247,0
DA:248,0
DA:249,0
DA:250,0
DA:251,0
DA:252,0
DA:253,0
DA:254,0
DA:256,1
DA:257,0
DA:258,0
DA:259,0
DA:260,0
DA:261,0
DA:262,0
DA:263,0
DA:264,0
DA:266,0
DA:267,0
DA:268,0
DA:269,0
DA:270,0
DA:271,0
DA:272,0
DA:274,1
DA:275,0
DA:276,0
DA:277,0
DA:278,0
DA:279,0
DA:280,0
DA:281,0
DA:282,0
DA:283,0
DA:286,1
DA:287,1
DA:288,1
DA:289,0
DA:290,0
DA:291,0
DA:292,0
DA:293,0
DA:294,0
DA:295,0
DA:297,0
DA:298,0
DA:301,0
DA:302,0
DA:305,0
DA:306,0
DA:308,0
DA:309,0
DA:310,0
DA:311,0
DA:312,0
DA:313,0
DA:314,0
DA:315,0
DA:316,0
DA:317,0
DA:318,0
DA:319,0
DA:321,0
DA:323,0
DA:324,0
DA:325,0
DA:326,0
DA:327,0
DA:328,0
DA:329,0
DA:331,0
DA:332,0
DA:334,0
DA:335,1
DA:337,1
DA:338,3
DA:339,0
DA:340,0
DA:341,0
DA:342,0
DA:343,0
DA:344,0
DA:345,0
DA:346,0
DA:347,0
DA:348,3
DA:350,1
DA:351,2
DA:352,0
DA:353,0
DA:354,0
DA:356,0
DA:357,0
DA:358,0
DA:359,0
DA:360,0
DA:361,0
DA:362,0
DA:363,0
DA:364,0
DA:365,0
DA:366,0
DA:367,0
DA:369,0
DA:370,0
DA:371,2
DA:372,2
DA:373,2
DA:375,0
DA:376,0
DA:377,0
DA:378,0
DA:379,0
DA:380,2
DA:382,1
DA:383,0
DA:384,0
DA:385,0
DA:386,0
DA:389,0
DA:390,0
DA:391,0
DA:392,0
DA:393,0
DA:394,0
DA:396,0
DA:397,0
DA:398,0
DA:399,0
DA:400,0
DA:402,0
DA:403,0
DA:404,0
DA:405,0
DA:406,0
DA:407,0
DA:408,0
DA:410,1
DA:411,0
DA:412,0
DA:413,0
DA:414,0
DA:415,0
DA:416,0
DA:417,0
DA:418,0
DA:419,0
DA:422,1
DA:423,0
DA:424,0
DA:425,0
DA:426,0
DA:427,0
DA:428,0
DA:429,0
DA:430,0
DA:431,0
DA:432,0
DA:433,0
DA:434,0
DA:435,0
DA:436,0
DA:437,0
DA:438,0
DA:439,0
DA:440,0
DA:441,0
DA:442,0
DA:443,0
DA:444,0
DA:446,1
DA:447,0
DA:448,0
DA:449,0
DA:450,0
DA:451,0
DA:452,0
DA:453,0
DA:454,0
DA:455,0
DA:456,0
DA:457,0
DA:458,0
DA:459,0
DA:460,0
DA:462,1
DA:463,0
DA:464,0
DA:465,0
DA:466,0
DA:467,0
DA:468,0
DA:469,0
DA:470,0
DA:471,0
DA:472,0
DA:473,0
DA:474,0
DA:475,0
DA:476,0
DA:477,0
DA:478,0
DA:479,0
DA:480,1
DA:482,1
LF:410
LH:40
BRDA:7,0,0,1
BRDA:286,1,0,1
BRDA:288,2,0,0
BRDA:337,3,0,3
BRDA:338,4,0,0
BRDA:350,5,0,2
BRDA:351,6,0,0
BRDA:372,7,0,0
BRDA:373,8,0,0
BRF:9
BRH:4
end_of_record
TN:
SF:server\routes.ts
FN:15,registerRoutes
FN:18,loadDatasetProperties
FN:41,splitCsv
FN:71,getVal
FN:95,parseCoordinate
FN:137,getPropertyImage
FN:185,extractCoordinate
FNF:7
FNH:7
FNDA:8,registerRoutes
FNDA:5,loadDatasetProperties
FNDA:255,splitCsv
FNDA:3250,getVal
FNDA:500,parseCoordinate
FNDA:250,getPropertyImage
FNDA:500,extractCoordinate
DA:1,1
DA:13,1
DA:15,8
DA:18,8
DA:19,5
DA:20,5
DA:21,5
DA:22,5
DA:23,5
DA:24,5
DA:25,5
DA:26,0
DA:27,0
DA:28,0
DA:29,5
DA:30,5
DA:31,5
DA:32,5
DA:33,5
DA:34,5
DA:35,0
DA:36,0
DA:37,5
DA:39,5
DA:40,5
DA:41,5
DA:42,255
DA:43,255
DA:44,255
DA:45,255
DA:46,82045
DA:47,82045
DA:48,510
DA:49,0
DA:50,0
DA:51,510
DA:52,510
DA:53,510
DA:54,82045
DA:55,5865
DA:56,5865
DA:57,81535
DA:58,75670
DA:59,75670
DA:60,82045
DA:61,255
DA:62,255
DA:63,255
DA:64,5
DA:65,5
DA:66,5
DA:67,5
DA:68,120
DA:69,5
DA:70,5
DA:71,5
DA:72,3250
DA:73,3250
DA:74,3250
DA:75,3250
DA:76,90
DA:77,3250
DA:78,5
DA:79,250
DA:80,250
DA:81,250
DA:83,250
DA:84,250
DA:85,250
DA:86,250
DA:87,250
DA:88,250
DA:89,250
DA:90,250
DA:91,250
DA:92,250
DA:93,250
DA:94,250
DA:95,250
DA:96,500
DA:97,500
DA:98,0
DA:99,500
DA:100,500
DA:101,500
DA:102,250
DA:103,250
DA:105,250
DA:106,250
DA:107,250
DA:108,250
DA:109,250
DA:110,5
DA:111,5
DA:112,250
DA:113,250
DA:114,250
DA:115,250
DA:116,250
DA:117,250
DA:118,250
DA:119,250
DA:120,250
DA:121,250
DA:122,250
DA:123,250
DA:124,250
DA:125,250
DA:126,250
DA:127,250
DA:128,250
DA:129,250
DA:130,160
DA:131,160
DA:132,250
DA:133,250
DA:134,250
DA:135,250
DA:137,5
DA:139,250
DA:140,250
DA:141,250
DA:142,250
DA:143,250
DA:144,250
DA:145,250
DA:146,250
DA:147,250
DA:148,250
DA:149,250
DA:150,250
DA:151,250
DA:152,250
DA:156,250
DA:158,60
DA:159,60
DA:160,250
DA:162,190
DA:163,190
DA:164,1330
DA:165,190
DA:166,190
DA:167,190
DA:168,190
DA:169,190
DA:170,250
DA:173,5
DA:174,5
DA:175,5
DA:176,5
DA:177,5
DA:178,5
DA:180,5
DA:181,250
DA:182,250
DA:183,0
DA:184,250
DA:185,250
DA:186,500
DA:187,0
DA:188,0
DA:189,0
DA:190,0
DA:191,0
DA:192,500
DA:193,250
DA:194,250
DA:195,250
DA:196,250
DA:197,250
DA:200,250
DA:201,250
DA:202,250
DA:203,250
DA:204,250
DA:205,250
DA:206,250
DA:207,250
DA:208,250
DA:209,250
DA:210,250
DA:211,250
DA:212,250
DA:213,250
DA:214,250
DA:215,250
DA:216,0
DA:217,250
DA:218,250
DA:219,250
DA:220,250
DA:221,250
DA:222,250
DA:223,250
DA:224,250
DA:225,5
DA:226,5
DA:227,5
DA:228,5
DA:229,0
DA:230,0
DA:231,0
DA:232,0
DA:233,5
DA:235,8
DA:236,3
DA:237,3
DA:240,3
DA:241,3
DA:242,3
DA:243,1
DA:244,1
DA:245,3
DA:247,0
DA:250,1
DA:251,1
DA:252,1
DA:253,1
DA:254,1
DA:255,1
DA:256,1
DA:257,1
DA:258,1
DA:259,1
DA:260,1
DA:261,1
DA:263,1
DA:264,1
DA:265,1
DA:266,1
DA:267,1
DA:268,1
DA:269,1
DA:270,1
DA:271,1
DA:272,1
DA:273,1
DA:274,1
DA:275,1
DA:276,1
DA:277,1
DA:278,0
DA:279,0
DA:280,0
DA:281,0
DA:282,0
DA:283,0
DA:284,0
DA:285,0
DA:286,0
DA:287,0
DA:288,0
DA:289,0
DA:290,0
DA:291,0
DA:292,1
DA:293,1
DA:294,8
DA:296,8
DA:297,2
DA:298,2
DA:301,2
DA:303,1
DA:304,1
DA:305,1
DA:306,1
DA:307,1
DA:308,1
DA:309,1
DA:310,1
DA:311,1
DA:312,1
DA:313,1
DA:314,1
DA:315,1
DA:316,1
DA:318,1
DA:319,0
DA:320,0
DA:321,0
DA:322,0
DA:323,0
DA:324,0
DA:325,0
DA:326,0
DA:327,0
DA:328,0
DA:329,0
DA:330,0
DA:331,0
DA:332,0
DA:333,0
DA:334,1
DA:335,1
DA:336,8
DA:338,8
DA:339,1
DA:340,1
DA:341,1
DA:342,1
DA:343,0
DA:344,0
DA:345,0
DA:346,8
DA:349,8
DA:350,0
DA:351,0
DA:353,0
DA:354,0
DA:355,0
DA:358,0
DA:360,0
DA:361,0
DA:362,0
DA:363,0
DA:364,0
DA:365,0
DA:366,0
DA:367,0
DA:368,0
DA:369,0
DA:370,0
DA:371,0
DA:372,0
DA:373,0
DA:375,0
DA:376,0
DA:377,0
DA:378,0
DA:379,0
DA:380,0
DA:381,0
DA:382,0
DA:383,0
DA:384,0
DA:385,0
DA:386,0
DA:387,0
DA:388,0
DA:389,0
DA:390,0
DA:391,0
DA:392,0
DA:393,0
DA:394,0
DA:395,0
DA:396,8
DA:398,8
DA:399,0
DA:400,0
DA:402,0
DA:403,0
DA:404,0
DA:406,0
DA:407,0
DA:408,0
DA:411,0
DA:413,0
DA:414,0
DA:415,0
DA:416,0
DA:417,0
DA:418,0
DA:419,0
DA:420,0
DA:421,0
DA:422,0
DA:423,0
DA:424,0
DA:425,0
DA:426,0
DA:428,0
DA:429,0
DA:430,0
DA:431,0
DA:432,0
DA:433,0
DA:434,0
DA:435,0
DA:436,0
DA:437,0
DA:438,0
DA:439,0
DA:440,0
DA:441,0
DA:442,0
DA:443,0
DA:444,0
DA:445,0
DA:446,0
DA:447,0
DA:448,0
DA:449,8
DA:451,8
DA:452,2
DA:453,2
DA:454,2
DA:455,1
DA:456,1
DA:458,1
DA:459,1
DA:460,1
DA:461,1
DA:462,1
DA:463,1
DA:464,1
DA:465,1
DA:466,1
DA:467,1
DA:468,2
DA:469,0
DA:470,0
DA:471,0
DA:472,8
DA:475,8
DA:476,0
DA:477,0
DA:479,0
DA:480,0
DA:481,0
DA:483,0
DA:485,0
DA:486,0
DA:487,0
DA:489,0
DA:490,0
DA:491,0
DA:492,0
DA:493,0
DA:494,0
DA:495,0
DA:496,0
DA:497,0
DA:498,0
DA:499,0
DA:500,8
DA:503,8
DA:504,4
DA:505,4
DA:507,4
DA:508,4
DA:509,4
DA:510,4
DA:511,4
DA:512,4
DA:513,4
DA:514,4
DA:515,4
DA:516,4
DA:517,4
DA:520,4
DA:521,4
DA:523,4
DA:524,4
DA:525,4
DA:526,4
DA:527,4
DA:528,0
DA:529,0
DA:530,4
DA:533,4
DA:534,4
DA:535,4
DA:538,4
DA:540,4
DA:541,1
DA:542,50
DA:543,1
DA:544,1
DA:546,4
DA:547,1
DA:548,50
DA:549,1
DA:550,1
DA:552,4
DA:553,1
DA:554,50
DA:555,50
DA:556,1
DA:557,1
DA:559,4
DA:560,1
DA:561,48
DA:562,48
DA:563,1
DA:564,1
DA:566,4
DA:568,0
DA:569,0
DA:570,0
DA:571,0
DA:572,4
DA:574,0
DA:575,0
DA:576,0
DA:577,0
DA:578,0
DA:581,4
DA:584,4
DA:585,4
DA:587,4
DA:589,4
DA:590,3
DA:591,3
DA:592,3
DA:593,3
DA:596,1
DA:598,1
DA:599,1
DA:600,1
DA:601,1
DA:602,1
DA:603,1
DA:604,1
DA:605,1
DA:606,1
DA:607,1
DA:608,1
DA:609,1
DA:610,1
DA:611,1
DA:612,1
DA:613,1
DA:614,1
DA:615,1
DA:616,1
DA:617,1
DA:618,1
DA:619,1
DA:620,1
DA:621,1
DA:622,1
DA:623,1
DA:624,1
DA:625,1
DA:626,1
DA:627,1
DA:628,1
DA:629,1
DA:630,1
DA:631,1
DA:632,1
DA:633,1
DA:634,1
DA:635,1
DA:636,1
DA:637,1
DA:638,1
DA:639,1
DA:640,1
DA:641,1
DA:642,1
DA:643,1
DA:644,1
DA:645,1
DA:646,1
DA:647,1
DA:648,1
DA:649,1
DA:650,1
DA:651,0
DA:652,0
DA:653,0
DA:655,0
DA:656,0
DA:657,0
DA:659,0
DA:660,0
DA:661,0
DA:662,0
DA:663,0
DA:664,0
DA:665,0
DA:666,0
DA:668,0
DA:669,0
DA:672,0
DA:673,0
DA:674,0
DA:675,0
DA:676,0
DA:677,0
DA:678,0
DA:679,0
DA:680,0
DA:681,0
DA:682,0
DA:683,0
DA:684,0
DA:685,0
DA:686,0
DA:687,0
DA:688,0
DA:689,0
DA:691,0
DA:692,0
DA:693,0
DA:694,0
DA:695,0
DA:696,0
DA:697,0
DA:698,0
DA:699,0
DA:700,0
DA:701,0
DA:702,0
DA:703,0
DA:704,0
DA:705,0
DA:706,0
DA:707,0
DA:708,0
DA:709,0
DA:710,0
DA:711,0
DA:712,0
DA:713,0
DA:714,0
DA:715,8
DA:718,8
DA:719,0
DA:720,0
DA:721,0
DA:722,0
DA:724,0
DA:725,0
DA:726,0
DA:728,0
DA:729,0
DA:732,0
DA:733,0
DA:735,0
DA:736,0
DA:737,0
DA:738,0
DA:739,0
DA:740,0
DA:741,0
DA:742,0
DA:743,0
DA:744,0
DA:745,0
DA:746,0
DA:747,0
DA:748,0
DA:749,0
DA:750,0
DA:751,0
DA:752,0
DA:753,0
DA:754,0
DA:755,0
DA:756,0
DA:757,0
DA:759,0
DA:760,0
DA:761,0
DA:762,0
DA:763,0
DA:765,0
DA:766,0
DA:767,0
DA:768,0
DA:769,0
DA:770,0
DA:771,0
DA:773,0
DA:774,0
DA:775,0
DA:778,0
DA:779,0
DA:780,0
DA:783,0
DA:784,0
DA:785,0
DA:787,0
DA:788,0
DA:789,0
DA:790,0
DA:791,0
DA:792,0
DA:793,0
DA:795,0
DA:796,0
DA:799,0
DA:800,0
DA:801,0
DA:802,0
DA:803,0
DA:804,0
DA:805,0
DA:806,0
DA:807,0
DA:809,0
DA:811,0
DA:812,0
DA:813,0
DA:814,0
DA:815,0
DA:816,0
DA:817,0
DA:818,0
DA:819,0
DA:820,0
DA:822,0
DA:823,0
DA:824,0
DA:825,0
DA:827,0
DA:828,0
DA:829,0
DA:830,0
DA:831,0
DA:832,0
DA:833,0
DA:834,8
DA:836,8
DA:837,2
DA:839,2
DA:840,2
DA:841,1
DA:842,1
DA:844,1
DA:845,1
DA:846,2
DA:847,0
DA:848,0
DA:849,1
DA:850,2
DA:851,0
DA:852,0
DA:853,0
DA:854,8
DA:856,8
DA:857,2
DA:858,2
DA:859,2
DA:860,2
DA:861,2
DA:864,2
DA:865,1
DA:866,1
DA:867,1
DA:868,1
DA:869,1
DA:870,8
DA:873,8
DA:874,0
DA:875,0
DA:876,0
DA:877,0
DA:878,0
DA:879,0
DA:880,0
DA:881,0
DA:882,0
DA:883,0
DA:884,0
DA:885,0
DA:886,0
DA:887,0
DA:888,0
DA:889,0
DA:890,0
DA:891,0
DA:892,0
DA:893,0
DA:894,0
DA:895,0
DA:896,0
DA:897,0
DA:898,0
DA:899,0
DA:900,0
DA:901,0
DA:902,0
DA:903,0
DA:904,0
DA:905,0
DA:906,0
DA:907,0
DA:908,0
DA:909,0
DA:910,0
DA:911,0
DA:912,0
DA:913,0
DA:914,0
DA:915,0
DA:916,0
DA:917,0
DA:918,0
DA:919,0
DA:920,0
DA:921,0
DA:922,0
DA:923,0
DA:925,0
DA:926,0
DA:927,0
DA:929,0
DA:930,0
DA:931,0
DA:933,0
DA:934,0
DA:935,0
DA:936,0
DA:937,0
DA:938,8
DA:940,8
DA:941,2
DA:942,2
DA:943,2
DA:944,1
DA:945,1
DA:947,1
DA:948,1
DA:949,2
DA:950,0
DA:951,0
DA:952,0
DA:953,8
DA:955,8
DA:956,2
DA:957,2
DA:958,2
DA:959,1
DA:960,1
DA:962,1
DA:963,1
DA:964,2
DA:965,0
DA:966,0
DA:967,0
DA:968,8
DA:971,8
DA:972,2
DA:973,2
DA:975,2
DA:976,1
DA:977,1
DA:978,1
DA:979,1
DA:982,2
DA:985,2
DA:986,2
DA:987,2
DA:990,2
DA:991,2
DA:992,2
DA:993,2
DA:994,2
DA:995,2
DA:996,2
DA:997,2
DA:998,2
DA:999,2
DA:1000,0
DA:1001,0
DA:1002,0
DA:1003,0
DA:1004,0
DA:1005,0
DA:1006,2
DA:1008,2
DA:1009,2
DA:1010,0
DA:1012,0
DA:1013,0
DA:1014,0
DA:1015,0
DA:1016,0
DA:1017,0
DA:1018,0
DA:1019,0
DA:1022,0
DA:1023,0
DA:1024,0
DA:1025,0
DA:1026,0
DA:1027,0
DA:1028,0
DA:1029,0
DA:1030,0
DA:1031,0
DA:1032,0
DA:1033,0
DA:1034,0
DA:1035,0
DA:1036,0
DA:1037,0
DA:1038,0
DA:1040,0
DA:1041,0
DA:1042,0
DA:1043,0
DA:1044,0
DA:1045,8
DA:1047,8
DA:1048,2
DA:1050,2
DA:1051,2
DA:1052,2
DA:1053,2
DA:1054,2
DA:1056,2
DA:1059,2
DA:1060,0
DA:1061,0
DA:1062,2
DA:1063,0
DA:1064,0
DA:1065,0
DA:1066,0
DA:1067,0
DA:1068,0
DA:1070,1
DA:1073,1
DA:1074,1
DA:1075,1
DA:1076,2
DA:1078,1
DA:1079,1
DA:1080,1
DA:1082,1
DA:1083,1
DA:1084,1
DA:1085,1
DA:1086,1
DA:1087,8
DA:1089,8
DA:1090,3
DA:1092,3
DA:1093,3
DA:1094,3
DA:1096,3
DA:1098,3
DA:1099,3
DA:1101,3
DA:1102,1
DA:1103,1
DA:1106,2
DA:1107,2
DA:1108,3
DA:1109,1
DA:1110,1
DA:1113,3
DA:1114,0
DA:1115,3
DA:1116,1
DA:1117,1
DA:1119,3
DA:1120,0
DA:1121,0
DA:1123,1
DA:1124,3
DA:1125,0
DA:1126,0
DA:1127,0
DA:1128,8
DA:1130,8
DA:1131,0
DA:1132,0
DA:1134,0
DA:1135,0
DA:1136,0
DA:1139,0
DA:1140,0
DA:1141,0
DA:1142,0
DA:1145,0
DA:1146,0
DA:1147,0
DA:1148,0
DA:1149,0
DA:1150,0
DA:1153,0
DA:1154,0
DA:1155,0
DA:1156,0
DA:1157,0
DA:1158,0
DA:1159,0
DA:1162,0
DA:1163,0
DA:1165,0
DA:1167,0
DA:1168,0
DA:1170,0
DA:1171,0
DA:1172,0
DA:1173,0
DA:1174,0
DA:1177,0
DA:1178,0
DA:1179,0
DA:1180,0
DA:1181,0
DA:1184,0
DA:1185,0
DA:1186,0
DA:1187,0
DA:1188,0
DA:1189,0
DA:1190,0
DA:1192,0
DA:1193,0
DA:1194,0
DA:1195,0
DA:1196,0
DA:1197,0
DA:1198,8
DA:1201,8
DA:1202,2
DA:1203,2
DA:1205,2
DA:1206,1
DA:1207,1
DA:1208,1
DA:1209,1
DA:1211,2
DA:1212,2
DA:1213,2
DA:1214,0
DA:1215,0
DA:1216,0
DA:1217,8
DA:1219,8
DA:1220,2
DA:1221,2
DA:1222,2
DA:1223,1
DA:1224,1
DA:1225,1
DA:1226,1
DA:1227,1
DA:1228,8
DA:1230,8
DA:1231,2
DA:1232,2
DA:1233,2
DA:1234,1
DA:1235,1
DA:1237,1
DA:1238,1
DA:1239,2
DA:1240,0
DA:1241,0
DA:1242,0
DA:1243,8
DA:1246,8
DA:1247,0
DA:1248,0
DA:1249,0
DA:1250,0
DA:1253,0
DA:1254,0
DA:1255,0
DA:1256,0
DA:1257,0
DA:1260,0
DA:1261,0
DA:1262,0
DA:1263,0
DA:1264,0
DA:1267,0
DA:1270,0
DA:1271,0
DA:1272,0
DA:1273,0
DA:1274,0
DA:1275,0
DA:1276,0
DA:1277,0
DA:1278,0
DA:1279,0
DA:1280,0
DA:1282,0
DA:1284,0
DA:1285,0
DA:1286,0
DA:1287,0
DA:1288,0
DA:1289,0
DA:1290,0
DA:1291,0
DA:1292,0
DA:1293,0
DA:1294,0
DA:1295,0
DA:1296,0
DA:1297,0
DA:1298,0
DA:1299,0
DA:1300,0
DA:1301,8
DA:1304,8
DA:1305,0
DA:1306,0
DA:1307,0
DA:1308,0
DA:1309,0
DA:1310,0
DA:1311,0
DA:1312,0
DA:1313,0
DA:1314,0
DA:1315,0
DA:1318,0
DA:1319,0
DA:1320,0
DA:1323,0
DA:1324,0
DA:1325,0
DA:1326,0
DA:1329,0
DA:1330,0
DA:1331,0
DA:1334,0
DA:1335,0
DA:1336,0
DA:1339,0
DA:1340,0
DA:1341,0
DA:1342,0
DA:1343,0
DA:1347,0
DA:1350,0
DA:1354,0
DA:1356,0
DA:1358,0
DA:1359,0
DA:1360,0
DA:1361,0
DA:1362,0
DA:1363,0
DA:1364,0
DA:1365,0
DA:1366,0
DA:1367,0
DA:1368,0
DA:1369,0
DA:1371,0
DA:1372,0
DA:1374,0
DA:1375,0
DA:1376,0
DA:1377,0
DA:1378,0
DA:1379,0
DA:1380,0
DA:1381,0
DA:1382,0
DA:1383,0
DA:1384,0
DA:1385,0
DA:1386,0
DA:1387,0
DA:1388,0
DA:1389,0
DA:1390,0
DA:1391,0
DA:1392,0
DA:1393,8
DA:1396,8
DA:1397,0
DA:1398,0
DA:1399,0
DA:1400,0
DA:1403,0
DA:1404,0
DA:1406,0
DA:1407,0
DA:1408,0
DA:1411,0
DA:1412,0
DA:1413,0
DA:1414,0
DA:1415,0
DA:1418,0
DA:1419,0
DA:1420,0
DA:1421,0
DA:1422,0
DA:1423,0
DA:1424,0
DA:1425,0
DA:1426,0
DA:1427,0
DA:1428,0
DA:1429,0
DA:1430,8
DA:1433,8
DA:1434,1
DA:1435,1
DA:1436,0
DA:1437,0
DA:1439,1
DA:1440,1
DA:1441,1
DA:1442,1
DA:1443,1
DA:1444,1
DA:1445,1
DA:1446,1
DA:1447,1
DA:1448,1
DA:1451,1
DA:1455,1
DA:1456,1
DA:1457,0
DA:1458,0
DA:1459,0
DA:1460,0
DA:1461,0
DA:1462,0
DA:1463,0
DA:1465,0
DA:1466,0
DA:1468,1
DA:1469,1
DA:1470,0
DA:1471,0
DA:1472,0
DA:1473,8
DA:1475,8
DA:1476,2
DA:1477,2
DA:1479,2
DA:1480,1
DA:1481,1
DA:1484,2
DA:1485,2
DA:1486,2
DA:1487,0
DA:1488,0
DA:1489,0
DA:1490,8
DA:1493,8
DA:1494,1
DA:1495,1
DA:1496,1
DA:1497,1
DA:1498,0
DA:1499,0
DA:1500,0
DA:1501,8
DA:1504,8
DA:1505,1
DA:1506,1
DA:1507,1
DA:1508,1
DA:1509,0
DA:1510,0
DA:1511,0
DA:1512,8
DA:1515,8
DA:1516,0
DA:1517,0
DA:1518,0
DA:1519,0
DA:1520,0
DA:1521,0
DA:1522,0
DA:1523,0
DA:1524,0
DA:1525,0
DA:1526,8
DA:1528,8
DA:1529,2
DA:1530,2
DA:1531,2
DA:1532,0
DA:1533,0
DA:1534,2
DA:1535,2
DA:1536,1
DA:1537,1
DA:1538,1
DA:1539,2
DA:1540,0
DA:1541,0
DA:1542,0
DA:1543,8
DA:1546,8
DA:1547,4
DA:1548,4
DA:1550,4
DA:1552,2
DA:1554,1
DA:1555,1
DA:1556,1
DA:1557,1
DA:1558,1
DA:1559,2
DA:1560,1
DA:1561,1
DA:1563,1
DA:1564,1
DA:1565,1
DA:1566,1
DA:1567,1
DA:1568,1
DA:1569,1
DA:1571,3
DA:1572,4
DA:1573,1
DA:1575,1
DA:1576,1
DA:1577,1
DA:1578,1
DA:1579,1
DA:1580,1
DA:1581,1
DA:1582,1
DA:1583,1
DA:1584,1
DA:1585,1
DA:1586,1
DA:1587,1
DA:1588,1
DA:1589,8
DA:1591,8
DA:1592,0
DA:1593,0
DA:1595,0
DA:1596,0
DA:1597,0
DA:1599,0
DA:1600,0
DA:1601,0
DA:1602,0
DA:1603,0
DA:1604,0
DA:1605,8
DA:1607,8
DA:1608,0
DA:1609,0
DA:1610,0
DA:1611,0
DA:1614,0
DA:1616,0
DA:1618,0
DA:1619,0
DA:1620,0
DA:1621,0
DA:1624,0
DA:1625,0
DA:1626,0
DA:1627,0
DA:1630,0
DA:1631,0
DA:1633,0
DA:1634,0
DA:1635,0
DA:1638,0
DA:1639,0
DA:1640,0
DA:1642,0
DA:1643,0
DA:1644,0
DA:1645,0
DA:1646,0
DA:1649,0
DA:1650,0
DA:1651,0
DA:1652,0
DA:1653,0
DA:1655,0
DA:1656,0
DA:1657,0
DA:1658,0
DA:1659,0
DA:1660,0
DA:1661,0
DA:1662,0
DA:1663,0
DA:1664,0
DA:1665,0
DA:1666,0
DA:1669,0
DA:1670,0
DA:1671,0
DA:1672,0
DA:1673,0
DA:1674,0
DA:1675,0
DA:1676,0
DA:1677,0
DA:1680,0
DA:1681,0
DA:1682,0
DA:1683,0
DA:1684,0
DA:1686,0
DA:1687,0
DA:1688,0
DA:1690,0
DA:1694,0
DA:1695,0
DA:1696,0
DA:1698,0
DA:1699,0
DA:1700,0
DA:1701,0
DA:1702,0
DA:1703,0
DA:1704,0
DA:1705,0
DA:1706,0
DA:1709,0
DA:1710,0
DA:1711,0
DA:1712,0
DA:1713,0
DA:1716,0
DA:1717,0
DA:1718,0
DA:1719,0
DA:1720,0
DA:1721,0
DA:1723,0
DA:1724,0
DA:1725,8
DA:1727,8
DA:1728,8
DA:1729,8
LF:1427
LH:652
BRDA:15,0,0,8
BRDA:18,1,0,5
BRDA:25,2,0,0
BRDA:34,3,0,0
BRDA:40,4,0,0
BRDA:78,5,0,255
BRDA:78,6,0,250
BRDA:105,7,0,0
BRDA:106,8,0,0
BRDA:109,9,0,5
BRDA:109,10,0,5
BRDA:112,11,0,0
BRDA:112,12,0,0
BRDA:112,13,0,0
BRDA:114,14,0,0
BRDA:116,15,0,0
BRDA:116,16,0,0
BRDA:116,17,0,0
BRDA:117,18,0,0
BRDA:118,19,0,0
BRDA:119,20,0,0
BRDA:120,21,0,0
BRDA:121,22,0,0
BRDA:122,23,0,0
BRDA:124,24,0,0
BRDA:124,25,0,0
BRDA:124,26,0,0
BRDA:127,27,0,0
BRDA:129,28,0,160
BRDA:129,29,0,160
BRDA:228,30,0,0
BRDA:24,31,0,5
BRDA:39,32,0,956975
BRDA:41,33,0,255
BRDA:45,34,0,82045
BRDA:47,35,0,510
BRDA:48,36,0,255
BRDA:48,37,0,250
BRDA:48,38,0,0
BRDA:54,39,0,81535
BRDA:54,40,0,6370
BRDA:54,41,0,5865
BRDA:57,42,0,75670
BRDA:64,43,0,120
BRDA:67,44,0,120
BRDA:71,45,0,3250
BRDA:74,46,0,3160
BRDA:75,47,0,90
BRDA:81,48,0,6000
BRDA:95,49,0,500
BRDA:96,50,0,0
BRDA:96,51,0,0
BRDA:97,52,0,0
BRDA:100,53,0,0
BRDA:137,54,0,250
BRDA:156,55,0,60
BRDA:160,56,0,190
BRDA:162,57,0,0
BRDA:163,58,0,1330
BRDA:180,59,0,250
BRDA:181,60,0,0
BRDA:181,61,0,0
BRDA:182,62,0,0
BRDA:184,63,0,0
BRDA:184,64,0,0
BRDA:193,65,0,0
BRDA:193,66,0,0
BRDA:194,67,0,0
BRDA:194,68,0,0
BRDA:194,69,0,0
BRDA:197,70,0,0
BRDA:201,71,0,0
BRDA:203,72,0,0
BRDA:204,73,0,0
BRDA:205,74,0,0
BRDA:206,75,0,0
BRDA:207,76,0,0
BRDA:208,77,0,0
BRDA:210,78,0,220
BRDA:210,79,0,30
BRDA:211,80,0,195
BRDA:211,81,0,55
BRDA:212,82,0,0
BRDA:213,83,0,0
BRDA:213,84,0,0
BRDA:214,85,0,0
BRDA:215,86,0,0
BRDA:217,87,0,0
BRDA:217,88,0,0
BRDA:218,89,0,0
BRDA:219,90,0,0
BRDA:223,91,0,160
BRDA:223,92,0,160
BRDA:223,93,0,90
BRDA:185,94,0,500
BRDA:186,95,0,0
BRDA:186,96,0,0
BRDA:235,97,0,3
BRDA:241,98,0,2
BRDA:242,99,0,1
BRDA:245,100,0,0
BRDA:247,101,0,1
BRDA:277,102,0,0
BRDA:277,103,0,0
BRDA:292,104,0,0
BRDA:296,105,0,2
BRDA:301,106,0,1
BRDA:318,107,0,0
BRDA:318,108,0,0
BRDA:334,109,0,0
BRDA:338,110,0,1
BRDA:342,111,0,0
BRDA:451,112,0,2
BRDA:454,113,0,1
BRDA:468,114,0,0
BRDA:503,115,0,4
BRDA:510,116,0,1
BRDA:510,117,0,3
BRDA:511,118,0,1
BRDA:511,119,0,3
BRDA:512,120,0,0
BRDA:513,121,0,0
BRDA:526,122,0,2
BRDA:527,123,0,0
BRDA:540,124,0,1
BRDA:546,125,0,1
BRDA:552,126,0,1
BRDA:559,127,0,1
BRDA:566,128,0,0
BRDA:572,129,0,0
BRDA:589,130,0,3
BRDA:590,131,0,0
BRDA:593,132,0,1
BRDA:649,133,0,0
BRDA:650,134,0,0
BRDA:520,135,0,4
BRDA:541,136,0,50
BRDA:542,137,0,0
BRDA:547,138,0,50
BRDA:548,139,0,0
BRDA:553,140,0,50
BRDA:554,141,0,0
BRDA:560,142,0,48
BRDA:561,143,0,0
BRDA:581,144,0,107
BRDA:836,145,0,2
BRDA:840,146,0,1
BRDA:846,147,0,0
BRDA:848,148,0,1
BRDA:850,149,0,0
BRDA:845,150,0,50
BRDA:856,151,0,2
BRDA:864,152,0,1
BRDA:940,153,0,2
BRDA:943,154,0,1
BRDA:943,155,0,1
BRDA:949,156,0,0
BRDA:955,157,0,2
BRDA:958,158,0,1
BRDA:958,159,0,1
BRDA:964,160,0,0
BRDA:971,161,0,2
BRDA:975,162,0,1
BRDA:1009,163,0,0
BRDA:990,164,0,2
BRDA:996,165,0,0
BRDA:997,166,0,0
BRDA:999,167,0,0
BRDA:1047,168,0,2
BRDA:1053,169,0,0
BRDA:1059,170,0,0
BRDA:1061,171,0,1
BRDA:1062,172,0,0
BRDA:1068,173,0,1
BRDA:1075,174,0,0
BRDA:1076,175,0,1
BRDA:1085,176,0,0
BRDA:1089,177,0,3
BRDA:1101,178,0,1
BRDA:1103,179,0,2
BRDA:1107,180,0,1
BRDA:1108,181,0,1
BRDA:1113,182,0,0
BRDA:1115,183,0,1
BRDA:1119,184,0,0
BRDA:1121,185,0,1
BRDA:1124,186,0,0
BRDA:1201,187,0,2
BRDA:1205,188,0,1
BRDA:1213,189,0,0
BRDA:1219,190,0,2
BRDA:1222,191,0,1
BRDA:1230,192,0,2
BRDA:1233,193,0,1
BRDA:1239,194,0,0
BRDA:1433,195,0,1
BRDA:1435,196,0,0
BRDA:1456,197,0,0
BRDA:1469,198,0,0
BRDA:1475,199,0,2
BRDA:1479,200,0,1
BRDA:1486,201,0,0
BRDA:1493,202,0,1
BRDA:1497,203,0,0
BRDA:1504,204,0,1
BRDA:1508,205,0,0
BRDA:1528,206,0,2
BRDA:1531,207,0,0
BRDA:1535,208,0,1
BRDA:1539,209,0,0
BRDA:1546,210,0,4
BRDA:1550,211,0,2
BRDA:1552,212,0,1
BRDA:1559,213,0,1
BRDA:1569,214,0,3
BRDA:1572,215,0,1
BRDA:1557,216,0,3
BRF:217
BRH:112
end_of_record
TN:
SF:server\storage.ts
FN:1,(empty-report)
FNF:1
FNH:0
FNDA:0,(empty-report)
DA:1,0
DA:2,0
DA:3,0
DA:4,0
DA:5,0
DA:6,0
DA:7,0
DA:8,0
DA:9,0
DA:10,0
DA:11,0
DA:12,0
DA:13,0
DA:14,0
DA:15,0
DA:16,0
DA:17,0
DA:18,0
DA:19,0
DA:20,0
DA:21,0
DA:22,0
DA:23,0
DA:24,0
DA:25,0
DA:26,0
DA:27,0
DA:28,0
DA:29,0
DA:30,0
DA:31,0
DA:32,0
DA:33,0
DA:34,0
DA:35,0
DA:36,0
DA:37,0
DA:38,0
DA:39,0
DA:40,0
DA:41,0
DA:42,0
DA:43,0
DA:44,0
DA:45,0
DA:46,0
DA:47,0
DA:48,0
DA:49,0
DA:50,0
DA:51,0
DA:52,0
DA:53,0
DA:54,0
DA:55,0
DA:56,0
DA:57,0
DA:58,0
DA:59,0
DA:60,0
DA:61,0
DA:62,0
DA:63,0
DA:64,0
DA:65,0
DA:66,0
DA:67,0
DA:68,0
DA:69,0
DA:70,0
DA:71,0
DA:72,0
DA:73,0
DA:74,0
DA:75,0
DA:76,0
DA:77,0
DA:78,0
DA:79,0
DA:80,0
DA:81,0
DA:82,0
DA:83,0
DA:84,0
DA:85,0
DA:86,0
DA:87,0
DA:88,0
DA:89,0
DA:90,0
DA:91,0
DA:92,0
DA:93,0
DA:94,0
DA:95,0
DA:96,0
DA:97,0
DA:98,0
DA:99,0
DA:100,0
DA:101,0
DA:102,0
DA:103,0
DA:104,0
DA:105,0
DA:106,0
DA:107,0
DA:108,0
DA:109,0
DA:110,0
DA:111,0
DA:112,0
DA:113,0
DA:114,0
DA:115,0
DA:116,0
DA:117,0
DA:118,0
DA:119,0
DA:120,0
DA:121,0
DA:122,0
DA:123,0
DA:124,0
DA:125,0
DA:126,0
DA:127,0
DA:128,0
DA:129,0
DA:130,0
DA:131,0
DA:132,0
DA:133,0
DA:134,0
DA:135,0
DA:136,0
DA:137,0
DA:138,0
DA:139,0
DA:140,0
DA:141,0
DA:142,0
DA:143,0
DA:144,0
DA:145,0
DA:146,0
DA:147,0
DA:148,0
DA:149,0
DA:150,0
DA:151,0
DA:152,0
DA:153,0
DA:154,0
DA:155,0
DA:156,0
DA:157,0
DA:158,0
DA:159,0
DA:160,0
DA:161,0
DA:162,0
DA:163,0
DA:164,0
DA:165,0
DA:166,0
DA:167,0
DA:168,0
DA:169,0
DA:170,0
DA:171,0
DA:172,0
DA:173,0
DA:174,0
DA:175,0
DA:176,0
DA:177,0
DA:178,0
DA:179,0
DA:180,0
DA:181,0
DA:182,0
DA:183,0
DA:184,0
DA:185,0
DA:186,0
DA:187,0
DA:188,0
DA:189,0
DA:190,0
DA:191,0
DA:192,0
DA:193,0
DA:194,0
DA:195,0
DA:196,0
DA:197,0
DA:198,0
DA:199,0
DA:200,0
DA:201,0
DA:202,0
DA:203,0
DA:204,0
DA:205,0
DA:206,0
DA:207,0
DA:208,0
DA:209,0
DA:210,0
DA:211,0
DA:212,0
DA:213,0
DA:214,0
DA:215,0
DA:216,0
DA:217,0
DA:218,0
DA:219,0
DA:220,0
DA:221,0
DA:222,0
DA:223,0
DA:224,0
DA:225,0
DA:226,0
DA:227,0
DA:228,0
DA:229,0
DA:230,0
DA:231,0
DA:232,0
DA:233,0
DA:234,0
DA:235,0
DA:236,0
DA:237,0
DA:238,0
DA:239,0
DA:240,0
DA:241,0
DA:242,0
DA:243,0
DA:244,0
DA:245,0
DA:246,0
DA:247,0
DA:248,0
DA:249,0
DA:250,0
DA:251,0
DA:252,0
DA:253,0
DA:254,0
DA:255,0
DA:256,0
DA:257,0
DA:258,0
DA:259,0
DA:260,0
DA:261,0
DA:262,0
DA:263,0
DA:264,0
DA:265,0
DA:266,0
DA:267,0
DA:268,0
DA:269,0
DA:270,0
DA:271,0
DA:272,0
DA:273,0
DA:274,0
DA:275,0
DA:276,0
DA:277,0
DA:278,0
DA:279,0
DA:280,0
DA:281,0
DA:282,0
DA:283,0
DA:284,0
DA:285,0
DA:286,0
DA:287,0
DA:288,0
DA:289,0
DA:290,0
DA:291,0
DA:292,0
DA:293,0
DA:294,0
DA:295,0
DA:296,0
DA:297,0
DA:298,0
DA:299,0
DA:300,0
DA:301,0
DA:302,0
DA:303,0
DA:304,0
DA:305,0
DA:306,0
DA:307,0
DA:308,0
DA:309,0
DA:310,0
DA:311,0
DA:312,0
DA:313,0
DA:314,0
DA:315,0
DA:316,0
DA:317,0
DA:318,0
DA:319,0
DA:320,0
DA:321,0
DA:322,0
DA:323,0
DA:324,0
DA:325,0
DA:326,0
DA:327,0
DA:328,0
DA:329,0
DA:330,0
DA:331,0
DA:332,0
DA:333,0
DA:334,0
DA:335,0
DA:336,0
DA:337,0
DA:338,0
DA:339,0
DA:340,0
DA:341,0
DA:342,0
DA:343,0
DA:344,0
DA:345,0
DA:346,0
DA:347,0
DA:348,0
DA:349,0
DA:350,0
DA:351,0
DA:352,0
DA:353,0
DA:354,0
DA:355,0
DA:356,0
DA:357,0
DA:358,0
DA:359,0
DA:360,0
DA:361,0
DA:362,0
DA:363,0
DA:364,0
DA:365,0
DA:366,0
DA:367,0
DA:368,0
DA:369,0
DA:370,0
DA:371,0
DA:372,0
DA:373,0
DA:374,0
DA:375,0
DA:376,0
DA:377,0
DA:378,0
DA:379,0
DA:380,0
DA:381,0
DA:382,0
DA:383,0
DA:384,0
DA:385,0
DA:386,0
DA:387,0
DA:388,0
DA:389,0
DA:390,0
DA:391,0
DA:392,0
DA:393,0
DA:394,0
DA:395,0
DA:396,0
DA:397,0
DA:398,0
DA:399,0
DA:400,0
DA:401,0
DA:402,0
DA:403,0
DA:404,0
DA:405,0
DA:406,0
DA:407,0
DA:408,0
DA:409,0
DA:410,0
DA:411,0
DA:412,0
DA:413,0
DA:414,0
DA:415,0
DA:416,0
DA:417,0
DA:418,0
DA:419,0
DA:420,0
DA:421,0
DA:422,0
DA:423,0
DA:424,0
DA:425,0
DA:426,0
DA:427,0
DA:428,0
DA:429,0
DA:430,0
DA:431,0
DA:432,0
DA:433,0
DA:434,0
DA:435,0
DA:436,0
DA:437,0
DA:438,0
DA:439,0
DA:440,0
DA:441,0
DA:442,0
DA:443,0
DA:444,0
DA:445,0
DA:446,0
DA:447,0
DA:448,0
DA:449,0
DA:450,0
DA:451,0
DA:452,0
DA:453,0
DA:454,0
DA:455,0
DA:456,0
DA:457,0
DA:458,0
DA:459,0
DA:460,0
DA:461,0
DA:462,0
DA:463,0
DA:464,0
DA:465,0
DA:466,0
DA:467,0
DA:468,0
DA:469,0
DA:470,0
DA:471,0
DA:472,0
DA:473,0
DA:474,0
DA:475,0
DA:476,0
DA:477,0
DA:478,0
DA:479,0
DA:480,0
DA:481,0
DA:482,0
DA:483,0
DA:484,0
DA:485,0
DA:486,0
DA:487,0
DA:488,0
DA:489,0
DA:490,0
DA:491,0
DA:492,0
DA:493,0
DA:494,0
DA:495,0
DA:496,0
DA:497,0
DA:498,0
DA:499,0
DA:500,0
DA:501,0
DA:502,0
DA:503,0
DA:504,0
DA:505,0
DA:506,0
DA:507,0
DA:508,0
DA:509,0
DA:510,0
DA:511,0
DA:512,0
DA:513,0
DA:514,0
DA:515,0
DA:516,0
DA:517,0
DA:518,0
DA:519,0
DA:520,0
DA:521,0
DA:522,0
DA:523,0
DA:524,0
DA:525,0
DA:526,0
DA:527,0
DA:528,0
DA:529,0
DA:530,0
DA:531,0
DA:532,0
DA:533,0
DA:534,0
DA:535,0
DA:536,0
DA:537,0
DA:538,0
DA:539,0
DA:540,0
DA:541,0
DA:542,0
DA:543,0
DA:544,0
DA:545,0
DA:546,0
DA:547,0
DA:548,0
DA:549,0
DA:550,0
DA:551,0
DA:552,0
DA:553,0
DA:554,0
DA:555,0
DA:556,0
DA:557,0
DA:558,0
DA:559,0
DA:560,0
DA:561,0
DA:562,0
DA:563,0
DA:564,0
DA:565,0
DA:566,0
DA:567,0
DA:568,0
DA:569,0
DA:570,0
DA:571,0
DA:572,0
DA:573,0
DA:574,0
DA:575,0
DA:576,0
DA:577,0
DA:578,0
DA:579,0
DA:580,0
DA:581,0
DA:582,0
DA:583,0
DA:584,0
DA:585,0
DA:586,0
DA:587,0
DA:588,0
DA:589,0
DA:590,0
DA:591,0
DA:592,0
DA:593,0
DA:594,0
DA:595,0
DA:596,0
DA:597,0
DA:598,0
DA:599,0
DA:600,0
DA:601,0
DA:602,0
DA:603,0
DA:604,0
DA:605,0
DA:606,0
DA:607,0
DA:608,0
LF:608
LH:0
BRDA:1,0,0,0
BRF:1
BRH:0
end_of_record
TN:
SF:server\scripts\backfill-contracts-to-blockchain.ts
FN:1,(empty-report)
FNF:1
FNH:0
FNDA:0,(empty-report)
DA:1,0
DA:2,0
DA:3,0
DA:4,0
DA:5,0
DA:6,0
DA:7,0
DA:8,0
DA:9,0
DA:10,0
DA:11,0
DA:12,0
DA:13,0
DA:14,0
DA:15,0
DA:16,0
DA:17,0
DA:18,0
DA:19,0
DA:20,0
DA:21,0
DA:22,0
DA:23,0
DA:24,0
DA:25,0
DA:26,0
DA:27,0
DA:28,0
DA:29,0
DA:30,0
DA:31,0
DA:32,0
DA:33,0
DA:34,0
DA:35,0
DA:36,0
DA:37,0
DA:38,0
DA:39,0
DA:40,0
DA:41,0
DA:42,0
DA:43,0
DA:44,0
DA:45,0
DA:46,0
DA:47,0
DA:48,0
DA:49,0
DA:50,0
DA:51,0
DA:52,0
DA:53,0
DA:54,0
DA:55,0
DA:56,0
DA:57,0
DA:58,0
DA:59,0
DA:60,0
DA:61,0
DA:62,0
DA:63,0
DA:64,0
DA:65,0
DA:66,0
DA:67,0
DA:68,0
DA:69,0
DA:70,0
DA:71,0
DA:72,0
DA:73,0
DA:74,0
DA:75,0
DA:76,0
DA:77,0
DA:78,0
DA:79,0
DA:80,0
DA:81,0
DA:82,0
DA:83,0
DA:84,0
DA:85,0
DA:86,0
DA:87,0
DA:88,0
DA:89,0
DA:90,0
DA:91,0
DA:92,0
DA:93,0
DA:94,0
DA:95,0
DA:96,0
DA:97,0
DA:98,0
DA:99,0
DA:100,0
DA:101,0
DA:102,0
DA:103,0
DA:104,0
DA:105,0
DA:106,0
DA:107,0
DA:108,0
DA:109,0
DA:110,0
DA:111,0
DA:112,0
DA:113,0
DA:114,0
DA:115,0
DA:116,0
DA:117,0
DA:118,0
DA:119,0
DA:120,0
DA:121,0
DA:122,0
DA:123,0
DA:124,0
DA:125,0
DA:126,0
DA:127,0
DA:128,0
DA:129,0
DA:130,0
DA:131,0
DA:132,0
DA:133,0
DA:134,0
DA:135,0
DA:136,0
DA:137,0
DA:138,0
DA:139,0
DA:140,0
DA:141,0
DA:142,0
DA:143,0
DA:144,0
DA:145,0
DA:146,0
DA:147,0
DA:148,0
DA:149,0
DA:150,0
DA:151,0
DA:152,0
DA:153,0
DA:154,0
DA:155,0
DA:156,0
DA:157,0
DA:158,0
DA:159,0
DA:160,0
DA:161,0
DA:162,0
DA:163,0
DA:164,0
DA:165,0
DA:166,0
DA:167,0
DA:168,0
DA:169,0
DA:170,0
DA:171,0
DA:172,0
DA:173,0
DA:174,0
DA:175,0
DA:176,0
DA:177,0
DA:178,0
DA:179,0
DA:180,0
DA:181,0
DA:182,0
DA:183,0
DA:184,0
DA:185,0
DA:186,0
DA:187,0
DA:188,0
DA:189,0
DA:190,0
DA:191,0
DA:192,0
DA:193,0
DA:194,0
DA:195,0
DA:196,0
DA:197,0
DA:198,0
DA:199,0
DA:200,0
DA:201,0
DA:202,0
DA:203,0
DA:204,0
DA:205,0
DA:206,0
DA:207,0
DA:208,0
DA:209,0
DA:210,0
DA:211,0
DA:212,0
DA:213,0
DA:214,0
DA:215,0
LF:215
LH:0
BRDA:1,0,0,0
BRF:1
BRH:0
end_of_record
TN:
SF:server\scripts\check-mongodb-blockchain-sync.ts
FN:1,(empty-report)
FNF:1
FNH:0
FNDA:0,(empty-report)
DA:1,0
DA:2,0
DA:3,0
DA:4,0
DA:5,0
DA:6,0
DA:7,0
DA:8,0
DA:9,0
DA:10,0
DA:11,0
DA:12,0
DA:13,0
DA:14,0
DA:15,0
DA:16,0
DA:17,0
DA:18,0
DA:19,0
DA:20,0
DA:21,0
DA:22,0
DA:23,0
DA:24,0
DA:25,0
DA:26,0
DA:27,0
DA:28,0
DA:29,0
DA:30,0
DA:31,0
DA:32,0
DA:33,0
DA:34,0
DA:35,0
DA:36,0
DA:37,0
DA:38,0
DA:39,0
DA:40,0
DA:41,0
DA:42,0
DA:43,0
DA:44,0
DA:45,0
DA:46,0
DA:47,0
DA:48,0
DA:49,0
DA:50,0
DA:51,0
DA:52,0
DA:53,0
DA:54,0
DA:55,0
DA:56,0
DA:57,0
DA:58,0
DA:59,0
DA:60,0
DA:61,0
DA:62,0
DA:63,0
DA:64,0
DA:65,0
DA:66,0
DA:67,0
DA:68,0
DA:69,0
DA:70,0
DA:71,0
DA:72,0
DA:73,0
DA:74,0
DA:75,0
DA:76,0
DA:77,0
DA:78,0
DA:79,0
DA:80,0
DA:81,0
DA:82,0
DA:83,0
DA:84,0
DA:85,0
DA:86,0
DA:87,0
DA:88,0
DA:89,0
DA:90,0
DA:91,0
DA:92,0
DA:93,0
DA:94,0
DA:95,0
DA:96,0
DA:97,0
DA:98,0
DA:99,0
DA:100,0
DA:101,0
DA:102,0
DA:103,0
DA:104,0
DA:105,0
DA:106,0
DA:107,0
DA:108,0
DA:109,0
DA:110,0
DA:111,0
DA:112,0
DA:113,0
DA:114,0
DA:115,0
DA:116,0
DA:117,0
DA:118,0
DA:119,0
DA:120,0
DA:121,0
DA:122,0
DA:123,0
DA:124,0
DA:125,0
DA:126,0
DA:127,0
DA:128,0
DA:129,0
DA:130,0
DA:131,0
DA:132,0
DA:133,0
DA:134,0
DA:135,0
DA:136,0
DA:137,0
DA:138,0
DA:139,0
DA:140,0
DA:141,0
DA:142,0
DA:143,0
DA:144,0
LF:144
LH:0
BRDA:1,0,0,0
BRF:1
BRH:0
end_of_record
TN:
SF:server\scripts\create-admin-user.ts
FN:1,(empty-report)
FNF:1
FNH:0
FNDA:0,(empty-report)
DA:1,0
DA:2,0
DA:3,0
DA:4,0
DA:5,0
DA:6,0
DA:7,0
DA:8,0
DA:9,0
DA:10,0
DA:11,0
DA:12,0
DA:13,0
DA:14,0
DA:15,0
DA:16,0
DA:17,0
DA:18,0
DA:19,0
DA:20,0
DA:21,0
DA:22,0
DA:23,0
DA:24,0
DA:25,0
DA:26,0
DA:27,0
DA:28,0
DA:29,0
DA:30,0
DA:31,0
DA:32,0
DA:33,0
DA:34,0
DA:35,0
DA:36,0
DA:37,0
DA:38,0
DA:39,0
DA:40,0
DA:41,0
DA:42,0
DA:43,0
DA:44,0
DA:45,0
DA:46,0
DA:47,0
DA:48,0
DA:49,0
DA:50,0
DA:51,0
DA:52,0
DA:53,0
DA:54,0
DA:55,0
DA:56,0
DA:57,0
DA:58,0
DA:59,0
DA:60,0
DA:61,0
LF:61
LH:0
BRDA:1,0,0,0
BRF:1
BRH:0
end_of_record
