TN:
SF:server\firebase-auth.ts
FN:1,(empty-report)
FNF:1
FNH:0
FNDA:0,(empty-report)
DA:1,0
DA:2,0
DA:3,0
DA:4,0
DA:5,0
DA:6,0
DA:7,0
DA:8,0
DA:9,0
DA:10,0
DA:11,0
DA:12,0
DA:13,0
DA:14,0
DA:15,0
DA:16,0
DA:17,0
DA:18,0
DA:19,0
DA:20,0
DA:21,0
DA:22,0
DA:23,0
DA:24,0
DA:25,0
DA:26,0
DA:27,0
DA:28,0
DA:29,0
DA:30,0
DA:31,0
DA:32,0
DA:33,0
DA:34,0
DA:35,0
DA:36,0
DA:37,0
DA:38,0
DA:39,0
DA:40,0
DA:41,0
DA:42,0
DA:43,0
DA:44,0
DA:45,0
DA:46,0
DA:47,0
DA:48,0
DA:49,0
DA:50,0
DA:51,0
DA:52,0
DA:53,0
DA:54,0
DA:55,0
DA:56,0
DA:57,0
DA:58,0
DA:59,0
DA:60,0
DA:61,0
DA:62,0
DA:63,0
DA:64,0
DA:65,0
DA:66,0
DA:67,0
DA:68,0
DA:69,0
DA:70,0
DA:71,0
DA:72,0
DA:73,0
DA:74,0
DA:75,0
DA:76,0
DA:77,0
DA:78,0
DA:79,0
DA:80,0
DA:81,0
DA:82,0
DA:83,0
DA:84,0
DA:85,0
DA:86,0
DA:87,0
DA:88,0
DA:89,0
DA:90,0
DA:91,0
DA:92,0
DA:93,0
DA:94,0
DA:95,0
DA:96,0
DA:97,0
DA:98,0
DA:99,0
DA:100,0
DA:101,0
DA:102,0
DA:103,0
DA:104,0
DA:105,0
DA:106,0
DA:107,0
DA:108,0
DA:109,0
DA:110,0
DA:111,0
DA:112,0
DA:113,0
DA:114,0
DA:115,0
DA:116,0
DA:117,0
DA:118,0
DA:119,0
DA:120,0
DA:121,0
DA:122,0
DA:123,0
DA:124,0
DA:125,0
DA:126,0
DA:127,0
DA:128,0
DA:129,0
DA:130,0
DA:131,0
DA:132,0
DA:133,0
DA:134,0
DA:135,0
DA:136,0
DA:137,0
DA:138,0
DA:139,0
LF:139
LH:0
BRDA:1,0,0,0
BRF:1
BRH:0
end_of_record
TN:
SF:server\firebase-storage.ts
FN:34,convertTimestamp
FN:42,prepareForFirestore
FN:59,createUser
FN:75,getUserById
FN:91,getUserByEmail
FN:108,updateUser
FN:115,createProperty
FN:128,getPropertyById
FN:144,getPropertiesByLandlord
FN:163,getAvailableProperties
FN:182,getProperties
FN:235,getProperty
FN:239,deleteProperty
FN:244,updateProperty
FN:251,createContract
FN:257,getContractById
FN:275,getContractsByUser
FN:296,updateContract
FN:302,getContracts
FN:334,getContract
FN:339,createPayment
FN:345,getPaymentById
FN:363,getPaymentsByContract
FN:384,updatePayment
FN:390,getPayments
FN:425,getPayment
FN:430,createDocument
FN:436,getDocumentById
FN:451,getDocumentsByUser
FN:469,getDocuments
FN:502,createDispute
FN:508,getDisputeById
FN:525,getDisputesByContract
FN:545,updateDispute
FN:551,getDisputes
FN:580,updateUserVerificationStatus
FN:584,getLandlordStats
FN:595,getTenantStats
FN:606,getAdminStats
FNF:39
FNH:0
FNDA:0,convertTimestamp
FNDA:0,prepareForFirestore
FNDA:0,createUser
FNDA:0,getUserById
FNDA:0,getUserByEmail
FNDA:0,updateUser
FNDA:0,createProperty
FNDA:0,getPropertyById
FNDA:0,getPropertiesByLandlord
FNDA:0,getAvailableProperties
FNDA:0,getProperties
FNDA:0,getProperty
FNDA:0,deleteProperty
FNDA:0,updateProperty
FNDA:0,createContract
FNDA:0,getContractById
FNDA:0,getContractsByUser
FNDA:0,updateContract
FNDA:0,getContracts
FNDA:0,getContract
FNDA:0,createPayment
FNDA:0,getPaymentById
FNDA:0,getPaymentsByContract
FNDA:0,updatePayment
FNDA:0,getPayments
FNDA:0,getPayment
FNDA:0,createDocument
FNDA:0,getDocumentById
FNDA:0,getDocumentsByUser
FNDA:0,getDocuments
FNDA:0,createDispute
FNDA:0,getDisputeById
FNDA:0,getDisputesByContract
FNDA:0,updateDispute
FNDA:0,getDisputes
FNDA:0,updateUserVerificationStatus
FNDA:0,getLandlordStats
FNDA:0,getTenantStats
FNDA:0,getAdminStats
DA:1,1
DA:34,1
DA:35,0
DA:36,0
DA:37,0
DA:38,0
DA:39,0
DA:42,1
DA:43,0
DA:46,0
DA:47,0
DA:48,0
DA:49,0
DA:50,0
DA:52,0
DA:53,0
DA:54,0
DA:55,0
DA:57,1
DA:59,1
DA:60,0
DA:62,0
DA:64,0
DA:65,0
DA:66,0
DA:68,0
DA:69,0
DA:71,0
DA:72,0
DA:73,0
DA:75,1
DA:76,0
DA:77,0
DA:79,0
DA:80,0
DA:81,0
DA:82,0
DA:83,0
DA:84,0
DA:85,0
DA:86,0
DA:87,0
DA:88,0
DA:89,0
DA:91,1
DA:92,0
DA:93,0
DA:95,0
DA:96,0
DA:97,0
DA:98,0
DA:99,0
DA:100,0
DA:101,0
DA:102,0
DA:103,0
DA:104,0
DA:105,0
DA:106,0
DA:108,1
DA:109,0
DA:110,0
DA:111,0
DA:112,0
DA:115,1
DA:116,0
DA:117,0
DA:118,0
DA:119,0
DA:120,0
DA:121,0
DA:122,0
DA:123,0
DA:124,0
DA:125,0
DA:126,0
DA:128,1
DA:129,0
DA:130,0
DA:132,0
DA:133,0
DA:134,0
DA:135,0
DA:136,0
DA:137,0
DA:138,0
DA:139,0
DA:140,0
DA:141,0
DA:142,0
DA:144,1
DA:145,0
DA:146,0
DA:147,0
DA:148,0
DA:149,0
DA:150,0
DA:152,0
DA:153,0
DA:154,0
DA:155,0
DA:156,0
DA:157,0
DA:158,0
DA:159,0
DA:160,0
DA:161,0
DA:163,1
DA:165,0
DA:166,0
DA:168,0
DA:169,0
DA:170,0
DA:171,0
DA:172,0
DA:173,0
DA:174,0
DA:175,0
DA:176,0
DA:177,0
DA:178,0
DA:179,0
DA:180,0
DA:182,1
DA:184,0
DA:185,0
DA:187,0
DA:188,0
DA:189,0
DA:190,0
DA:191,0
DA:192,0
DA:193,0
DA:194,0
DA:195,0
DA:198,0
DA:199,0
DA:200,0
DA:201,0
DA:202,0
DA:203,0
DA:204,0
DA:205,0
DA:206,0
DA:207,0
DA:208,0
DA:209,0
DA:210,0
DA:211,0
DA:212,0
DA:213,0
DA:214,0
DA:215,0
DA:218,0
DA:219,0
DA:220,0
DA:221,0
DA:222,0
DA:225,0
DA:226,0
DA:227,0
DA:228,0
DA:229,0
DA:230,0
DA:232,0
DA:233,0
DA:235,1
DA:236,0
DA:237,0
DA:239,1
DA:240,0
DA:241,0
DA:242,0
DA:244,1
DA:245,0
DA:246,0
DA:247,0
DA:248,0
DA:251,1
DA:252,0
DA:253,0
DA:254,0
DA:255,0
DA:257,1
DA:258,0
DA:259,0
DA:261,0
DA:262,0
DA:263,0
DA:264,0
DA:265,0
DA:266,0
DA:267,0
DA:268,0
DA:269,0
DA:270,0
DA:271,0
DA:272,0
DA:273,0
DA:275,1
DA:276,0
DA:277,0
DA:278,0
DA:279,0
DA:280,0
DA:281,0
DA:283,0
DA:284,0
DA:285,0
DA:286,0
DA:287,0
DA:288,0
DA:289,0
DA:290,0
DA:291,0
DA:292,0
DA:293,0
DA:294,0
DA:296,1
DA:297,0
DA:298,0
DA:299,0
DA:300,0
DA:302,1
DA:303,0
DA:304,0
DA:306,0
DA:307,0
DA:308,0
DA:309,0
DA:310,0
DA:311,0
DA:313,0
DA:314,0
DA:315,0
DA:316,0
DA:317,0
DA:319,0
DA:321,0
DA:322,0
DA:323,0
DA:324,0
DA:325,0
DA:326,0
DA:327,0
DA:328,0
DA:329,0
DA:330,0
DA:331,0
DA:332,0
DA:334,1
DA:335,0
DA:336,0
DA:339,1
DA:340,0
DA:341,0
DA:342,0
DA:343,0
DA:345,1
DA:346,0
DA:347,0
DA:349,0
DA:350,0
DA:351,0
DA:352,0
DA:353,0
DA:354,0
DA:355,0
DA:356,0
DA:357,0
DA:358,0
DA:359,0
DA:360,0
DA:361,0
DA:363,1
DA:364,0
DA:365,0
DA:366,0
DA:367,0
DA:368,0
DA:369,0
DA:371,0
DA:372,0
DA:373,0
DA:374,0
DA:375,0
DA:376,0
DA:377,0
DA:378,0
DA:379,0
DA:380,0
DA:381,0
DA:382,0
DA:384,1
DA:385,0
DA:386,0
DA:387,0
DA:388,0
DA:390,1
DA:391,0
DA:392,0
DA:394,0
DA:395,0
DA:396,0
DA:397,0
DA:398,0
DA:399,0
DA:400,0
DA:401,0
DA:402,0
DA:404,0
DA:405,0
DA:406,0
DA:407,0
DA:408,0
DA:410,0
DA:412,0
DA:413,0
DA:414,0
DA:415,0
DA:416,0
DA:417,0
DA:418,0
DA:419,0
DA:420,0
DA:421,0
DA:422,0
DA:423,0
DA:425,1
DA:426,0
DA:427,0
DA:430,1
DA:431,0
DA:432,0
DA:433,0
DA:434,0
DA:436,1
DA:437,0
DA:438,0
DA:440,0
DA:441,0
DA:442,0
DA:443,0
DA:444,0
DA:445,0
DA:446,0
DA:447,0
DA:448,0
DA:449,0
DA:451,1
DA:452,0
DA:453,0
DA:454,0
DA:455,0
DA:456,0
DA:457,0
DA:459,0
DA:460,0
DA:461,0
DA:462,0
DA:463,0
DA:464,0
DA:465,0
DA:466,0
DA:467,0
DA:469,1
DA:470,0
DA:471,0
DA:473,0
DA:474,0
DA:475,0
DA:476,0
DA:477,0
DA:478,0
DA:479,0
DA:480,0
DA:481,0
DA:483,0
DA:484,0
DA:485,0
DA:486,0
DA:487,0
DA:489,0
DA:491,0
DA:492,0
DA:493,0
DA:494,0
DA:495,0
DA:496,0
DA:497,0
DA:498,0
DA:499,0
DA:502,1
DA:503,0
DA:504,0
DA:505,0
DA:506,0
DA:508,1
DA:509,0
DA:510,0
DA:512,0
DA:513,0
DA:514,0
DA:515,0
DA:516,0
DA:517,0
DA:518,0
DA:519,0
DA:520,0
DA:521,0
DA:522,0
DA:523,0
DA:525,1
DA:526,0
DA:527,0
DA:528,0
DA:529,0
DA:530,0
DA:531,0
DA:533,0
DA:534,0
DA:535,0
DA:536,0
DA:537,0
DA:538,0
DA:539,0
DA:540,0
DA:541,0
DA:542,0
DA:543,0
DA:545,1
DA:546,0
DA:547,0
DA:548,0
DA:549,0
DA:551,1
DA:552,0
DA:553,0
DA:555,0
DA:556,0
DA:557,0
DA:559,0
DA:560,0
DA:561,0
DA:562,0
DA:563,0
DA:565,0
DA:567,0
DA:568,0
DA:569,0
DA:570,0
DA:571,0
DA:572,0
DA:573,0
DA:574,0
DA:575,0
DA:576,0
DA:577,0
DA:580,1
DA:581,0
DA:582,0
DA:584,1
DA:585,0
DA:586,0
DA:588,0
DA:589,0
DA:590,0
DA:591,0
DA:592,0
DA:593,0
DA:595,1
DA:596,0
DA:597,0
DA:599,0
DA:600,0
DA:601,0
DA:602,0
DA:603,0
DA:604,0
DA:606,1
DA:607,0
DA:608,0
DA:609,0
DA:611,0
DA:612,0
DA:613,0
DA:614,0
DA:615,0
DA:616,0
DA:617,1
DA:619,1
LF:491
LH:43
BRF:0
BRH:0
end_of_record
TN:
SF:server\mongodb-disputes-storage.ts
FN:6,checkConnection
FN:13,createDispute
FN:29,getDispute
FN:42,getDisputes
FN:96,updateDispute
FN:114,addMessage
FN:151,addEvidence
FN:183,deleteDispute
FN:195,mapDisputeToSchema
FNF:9
FNH:0
FNDA:0,checkConnection
FNDA:0,createDispute
FNDA:0,getDispute
FNDA:0,getDisputes
FNDA:0,updateDispute
FNDA:0,addMessage
FNDA:0,addEvidence
FNDA:0,deleteDispute
FNDA:0,mapDisputeToSchema
DA:1,1
DA:5,1
DA:6,1
DA:7,0
DA:8,0
DA:9,0
DA:10,0
DA:13,1
DA:14,0
DA:15,0
DA:16,0
DA:17,0
DA:18,0
DA:19,0
DA:20,0
DA:21,0
DA:22,0
DA:23,0
DA:25,0
DA:26,0
DA:27,0
DA:29,1
DA:30,0
DA:31,0
DA:32,0
DA:33,0
DA:34,0
DA:35,0
DA:36,0
DA:37,0
DA:38,0
DA:39,0
DA:40,0
DA:42,1
DA:43,0
DA:44,0
DA:45,0
DA:46,0
DA:48,0
DA:49,0
DA:50,0
DA:51,0
DA:52,0
DA:53,0
DA:54,0
DA:55,0
DA:56,0
DA:57,0
DA:58,0
DA:59,0
DA:60,0
DA:61,0
DA:62,0
DA:63,0
DA:64,0
DA:65,0
DA:68,0
DA:69,0
DA:70,0
DA:71,0
DA:72,0
DA:73,0
DA:75,0
DA:78,0
DA:81,0
DA:82,0
DA:83,0
DA:84,0
DA:85,0
DA:86,0
DA:88,0
DA:89,0
DA:90,0
DA:91,0
DA:92,0
DA:93,0
DA:94,0
DA:96,1
DA:97,0
DA:98,0
DA:99,0
DA:100,0
DA:101,0
DA:102,0
DA:103,0
DA:104,0
DA:106,0
DA:107,0
DA:108,0
DA:109,0
DA:110,0
DA:111,0
DA:112,0
DA:114,1
DA:125,0
DA:126,0
DA:127,0
DA:128,0
DA:129,0
DA:130,0
DA:131,0
DA:132,0
DA:133,0
DA:134,0
DA:135,0
DA:136,0
DA:137,0
DA:138,0
DA:139,0
DA:140,0
DA:141,0
DA:143,0
DA:144,0
DA:145,0
DA:146,0
DA:147,0
DA:148,0
DA:149,0
DA:151,1
DA:157,0
DA:158,0
DA:159,0
DA:160,0
DA:161,0
DA:162,0
DA:163,0
DA:164,0
DA:165,0
DA:166,0
DA:167,0
DA:168,0
DA:169,0
DA:170,0
DA:171,0
DA:172,0
DA:173,0
DA:175,0
DA:176,0
DA:177,0
DA:178,0
DA:179,0
DA:180,0
DA:181,0
DA:183,1
DA:184,0
DA:185,0
DA:186,0
DA:187,0
DA:188,0
DA:189,0
DA:190,0
DA:191,0
DA:192,0
DA:195,1
DA:196,0
DA:197,0
DA:198,0
DA:199,0
DA:200,0
DA:201,0
DA:202,0
DA:203,0
DA:204,0
DA:205,0
DA:206,0
DA:207,0
DA:208,0
DA:209,0
DA:210,0
DA:212,0
DA:213,0
DA:214,0
DA:215,0
DA:216,0
DA:217,1
DA:219,1
LF:176
LH:13
BRF:0
BRH:0
end_of_record
TN:
SF:server\mongodb-models.ts
FN:9,getPropertyModel
FN:16,getDocumentModel
FN:23,getDisputeModel
FN:30,initializeModels
FNF:4
FNH:0
FNDA:0,getPropertyModel
FNDA:0,getDocumentModel
FNDA:0,getDisputeModel
FNDA:0,initializeModels
DA:4,1
DA:5,1
DA:6,1
DA:7,1
DA:9,0
DA:10,0
DA:11,0
DA:12,0
DA:13,0
DA:14,0
DA:16,0
DA:17,0
DA:18,0
DA:19,0
DA:20,0
DA:21,0
DA:23,0
DA:24,0
DA:25,0
DA:26,0
DA:27,0
DA:28,0
DA:30,0
DA:31,0
DA:33,0
DA:34,0
DA:35,0
DA:38,0
DA:39,0
DA:40,0
DA:41,0
DA:42,0
DA:43,0
DA:44,0
DA:45,0
DA:46,0
DA:47,0
DA:48,0
DA:49,0
DA:50,0
DA:51,0
DA:52,0
DA:53,0
DA:54,0
DA:55,0
DA:56,0
DA:57,0
DA:58,0
DA:59,0
DA:60,0
DA:61,0
DA:62,0
DA:63,0
DA:64,0
DA:65,0
DA:66,0
DA:67,0
DA:68,0
DA:69,0
DA:70,0
DA:73,0
DA:74,0
DA:75,0
DA:77,0
DA:80,0
DA:81,0
DA:82,0
DA:83,0
DA:84,0
DA:85,0
DA:86,0
DA:87,0
DA:88,0
DA:89,0
DA:90,0
DA:91,0
DA:92,0
DA:93,0
DA:96,0
DA:97,0
DA:98,0
DA:100,0
DA:103,0
DA:104,0
DA:105,0
DA:106,0
DA:107,0
DA:108,0
DA:109,0
DA:110,0
DA:111,0
DA:112,0
DA:113,0
DA:114,0
DA:115,0
DA:116,0
DA:117,0
DA:118,0
DA:119,0
DA:120,0
DA:121,0
DA:122,0
DA:123,0
DA:124,0
DA:125,0
DA:126,0
DA:127,0
DA:128,0
DA:129,0
DA:130,0
DA:131,0
DA:132,0
DA:133,0
DA:134,0
DA:135,0
DA:136,0
DA:137,0
DA:138,0
DA:139,0
DA:140,0
DA:141,0
DA:142,0
DA:143,0
DA:144,0
DA:145,0
DA:146,0
DA:147,0
DA:150,0
DA:151,0
DA:152,0
DA:153,0
DA:154,0
DA:156,0
DA:158,0
DA:159,0
DA:160,0
DA:161,0
DA:162,0
DA:163,0
LF:139
LH:4
BRF:0
BRH:0
end_of_record
TN:
SF:server\mongodb-storage.ts
FN:6,checkConnection
FN:12,createProperty
FN:25,getProperty
FN:38,getProperties
FN:112,updateProperty
FN:130,deleteProperty
FN:141,getPropertiesByLandlord
FN:156,createDocument
FN:168,getDocument
FN:181,getDocuments
FN:208,getDocumentsByProperty
FN:223,getLandlordStats
FN:255,updateDocument
FN:273,deleteDocument
FN:285,mapPropertyToSchema
FN:309,mapDocumentToSchema
FNF:16
FNH:0
FNDA:0,checkConnection
FNDA:0,createProperty
FNDA:0,getProperty
FNDA:0,getProperties
FNDA:0,updateProperty
FNDA:0,deleteProperty
FNDA:0,getPropertiesByLandlord
FNDA:0,createDocument
FNDA:0,getDocument
FNDA:0,getDocuments
FNDA:0,getDocumentsByProperty
FNDA:0,getLandlordStats
FNDA:0,updateDocument
FNDA:0,deleteDocument
FNDA:0,mapPropertyToSchema
FNDA:0,mapDocumentToSchema
DA:1,1
DA:5,1
DA:6,1
DA:7,0
DA:8,0
DA:9,0
DA:10,0
DA:12,1
DA:13,0
DA:14,0
DA:15,0
DA:16,0
DA:17,0
DA:18,0
DA:19,0
DA:21,0
DA:22,0
DA:23,0
DA:25,1
DA:26,0
DA:27,0
DA:28,0
DA:29,0
DA:30,0
DA:31,0
DA:32,0
DA:33,0
DA:34,0
DA:35,0
DA:36,0
DA:38,1
DA:39,0
DA:40,0
DA:41,0
DA:42,0
DA:45,0
DA:46,0
DA:47,0
DA:48,0
DA:49,0
DA:50,0
DA:51,0
DA:52,0
DA:53,0
DA:54,0
DA:55,0
DA:56,0
DA:57,0
DA:58,0
DA:59,0
DA:62,0
DA:65,0
DA:66,0
DA:67,0
DA:69,0
DA:70,0
DA:71,0
DA:72,0
DA:73,0
DA:74,0
DA:77,0
DA:78,0
DA:79,0
DA:80,0
DA:81,0
DA:83,0
DA:84,0
DA:85,0
DA:86,0
DA:87,0
DA:88,0
DA:90,0
DA:91,0
DA:94,0
DA:97,0
DA:98,0
DA:99,0
DA:100,0
DA:101,0
DA:102,0
DA:104,0
DA:105,0
DA:106,0
DA:107,0
DA:108,0
DA:109,0
DA:110,0
DA:112,1
DA:113,0
DA:114,0
DA:115,0
DA:116,0
DA:117,0
DA:118,0
DA:119,0
DA:120,0
DA:122,0
DA:123,0
DA:124,0
DA:125,0
DA:126,0
DA:127,0
DA:128,0
DA:130,1
DA:131,0
DA:132,0
DA:133,0
DA:134,0
DA:135,0
DA:136,0
DA:137,0
DA:138,0
DA:139,0
DA:141,1
DA:142,0
DA:143,0
DA:144,0
DA:145,0
DA:146,0
DA:147,0
DA:148,0
DA:149,0
DA:150,0
DA:151,0
DA:152,0
DA:153,0
DA:156,1
DA:157,0
DA:158,0
DA:159,0
DA:160,0
DA:161,0
DA:162,0
DA:164,0
DA:165,0
DA:166,0
DA:168,1
DA:169,0
DA:170,0
DA:171,0
DA:172,0
DA:173,0
DA:174,0
DA:175,0
DA:176,0
DA:177,0
DA:178,0
DA:179,0
DA:181,1
DA:182,0
DA:183,0
DA:184,0
DA:185,0
DA:187,0
DA:188,0
DA:189,0
DA:190,0
DA:191,0
DA:192,0
DA:193,0
DA:194,0
DA:195,0
DA:197,0
DA:198,0
DA:199,0
DA:201,0
DA:202,0
DA:203,0
DA:204,0
DA:205,0
DA:206,0
DA:208,1
DA:209,0
DA:210,0
DA:211,0
DA:212,0
DA:213,0
DA:214,0
DA:215,0
DA:216,0
DA:217,0
DA:218,0
DA:219,0
DA:220,0
DA:223,1
DA:224,0
DA:225,0
DA:226,0
DA:227,0
DA:228,0
DA:229,0
DA:230,0
DA:231,0
DA:232,0
DA:233,0
DA:236,0
DA:237,0
DA:238,0
DA:239,0
DA:240,0
DA:241,0
DA:242,0
DA:243,0
DA:244,0
DA:245,0
DA:246,0
DA:247,0
DA:248,0
DA:249,0
DA:250,0
DA:251,0
DA:252,0
DA:253,0
DA:255,1
DA:256,0
DA:257,0
DA:258,0
DA:259,0
DA:260,0
DA:261,0
DA:262,0
DA:263,0
DA:265,0
DA:266,0
DA:267,0
DA:268,0
DA:269,0
DA:270,0
DA:271,0
DA:273,1
DA:274,0
DA:275,0
DA:276,0
DA:277,0
DA:278,0
DA:279,0
DA:280,0
DA:281,0
DA:282,0
DA:285,1
DA:286,0
DA:287,0
DA:288,0
DA:289,0
DA:290,0
DA:291,0
DA:292,0
DA:293,0
DA:294,0
DA:295,0
DA:296,0
DA:297,0
DA:298,0
DA:299,0
DA:300,0
DA:301,0
DA:302,0
DA:303,0
DA:304,0
DA:305,0
DA:306,0
DA:307,0
DA:309,1
DA:310,0
DA:311,0
DA:312,0
DA:313,0
DA:314,0
DA:315,0
DA:316,0
DA:317,0
DA:318,0
DA:319,0
DA:320,0
DA:321,0
DA:322,0
DA:323,0
DA:324,1
DA:326,1
LF:279
LH:20
BRF:0
BRH:0
end_of_record
TN:
SF:server\routes.ts
FN:15,registerRoutes
FN:18,loadDatasetProperties
FN:41,splitCsv
FN:70,getVal
FN:94,parseCoordinate
FN:128,getPropertyImage
FN:176,extractCoordinate
FNF:7
FNH:7
FNDA:8,registerRoutes
FNDA:5,loadDatasetProperties
FNDA:255,splitCsv
FNDA:3000,getVal
FNDA:500,parseCoordinate
FNDA:250,getPropertyImage
FNDA:500,extractCoordinate
DA:1,1
DA:13,1
DA:15,8
DA:18,8
DA:19,5
DA:20,5
DA:21,5
DA:22,5
DA:23,5
DA:24,5
DA:25,5
DA:26,0
DA:27,0
DA:28,0
DA:29,5
DA:30,5
DA:31,5
DA:32,5
DA:33,5
DA:34,5
DA:35,0
DA:36,0
DA:37,5
DA:39,5
DA:40,5
DA:41,5
DA:42,255
DA:43,255
DA:44,255
DA:45,255
DA:46,82045
DA:47,82045
DA:48,510
DA:49,0
DA:50,0
DA:51,510
DA:52,510
DA:53,510
DA:54,82045
DA:55,5865
DA:56,5865
DA:57,81535
DA:58,75670
DA:59,75670
DA:60,82045
DA:61,255
DA:62,255
DA:63,255
DA:64,5
DA:65,5
DA:66,5
DA:67,5
DA:68,120
DA:69,5
DA:70,5
DA:71,3000
DA:72,3000
DA:73,3000
DA:74,3000
DA:75,0
DA:76,3000
DA:77,5
DA:78,250
DA:79,250
DA:80,250
DA:82,250
DA:83,250
DA:84,250
DA:85,250
DA:86,250
DA:87,250
DA:88,250
DA:89,250
DA:90,250
DA:91,250
DA:92,250
DA:93,250
DA:94,250
DA:95,500
DA:96,500
DA:97,0
DA:98,500
DA:99,500
DA:100,500
DA:101,250
DA:102,250
DA:104,250
DA:105,250
DA:106,250
DA:107,250
DA:108,250
DA:109,250
DA:110,250
DA:111,250
DA:112,250
DA:113,250
DA:114,250
DA:115,250
DA:116,250
DA:117,250
DA:118,250
DA:119,250
DA:120,250
DA:121,250
DA:122,250
DA:123,250
DA:124,250
DA:125,250
DA:126,250
DA:128,5
DA:130,250
DA:131,250
DA:132,250
DA:133,250
DA:134,250
DA:135,250
DA:136,250
DA:137,250
DA:138,250
DA:139,250
DA:140,250
DA:141,250
DA:142,250
DA:143,250
DA:147,250
DA:149,60
DA:150,60
DA:151,250
DA:153,190
DA:154,190
DA:155,1330
DA:156,190
DA:157,190
DA:158,190
DA:159,190
DA:160,190
DA:161,250
DA:164,5
DA:165,5
DA:166,5
DA:167,5
DA:168,5
DA:169,5
DA:171,5
DA:172,250
DA:173,250
DA:174,0
DA:175,250
DA:176,250
DA:177,500
DA:178,0
DA:179,0
DA:180,0
DA:181,0
DA:182,0
DA:183,500
DA:184,250
DA:185,250
DA:186,250
DA:187,250
DA:188,250
DA:191,250
DA:192,250
DA:193,250
DA:194,250
DA:195,250
DA:196,250
DA:197,250
DA:198,250
DA:199,250
DA:200,250
DA:201,250
DA:202,250
DA:203,250
DA:204,250
DA:205,250
DA:206,250
DA:207,0
DA:208,250
DA:209,250
DA:210,250
DA:211,250
DA:212,250
DA:213,250
DA:214,250
DA:215,5
DA:216,5
DA:217,5
DA:218,5
DA:219,0
DA:220,0
DA:221,0
DA:222,0
DA:223,5
DA:225,8
DA:226,3
DA:227,3
DA:230,3
DA:231,3
DA:232,3
DA:233,1
DA:234,1
DA:235,3
DA:237,0
DA:240,1
DA:241,1
DA:242,1
DA:243,1
DA:244,1
DA:245,1
DA:246,1
DA:247,1
DA:248,1
DA:249,1
DA:250,1
DA:251,1
DA:253,1
DA:254,1
DA:255,1
DA:256,1
DA:257,1
DA:258,1
DA:259,1
DA:260,1
DA:261,1
DA:262,1
DA:263,1
DA:264,1
DA:265,1
DA:266,1
DA:267,1
DA:268,0
DA:269,0
DA:270,0
DA:271,0
DA:272,0
DA:273,0
DA:274,0
DA:275,0
DA:276,0
DA:277,0
DA:278,0
DA:279,0
DA:280,0
DA:281,0
DA:282,1
DA:283,1
DA:284,8
DA:286,8
DA:287,2
DA:288,2
DA:291,2
DA:293,1
DA:294,1
DA:295,1
DA:296,1
DA:297,1
DA:298,1
DA:299,1
DA:300,1
DA:301,1
DA:302,1
DA:303,1
DA:304,1
DA:305,1
DA:306,1
DA:308,1
DA:309,0
DA:310,0
DA:311,0
DA:312,0
DA:313,0
DA:314,0
DA:315,0
DA:316,0
DA:317,0
DA:318,0
DA:319,0
DA:320,0
DA:321,0
DA:322,0
DA:323,0
DA:324,1
DA:325,1
DA:326,8
DA:328,8
DA:329,1
DA:330,1
DA:331,1
DA:332,1
DA:333,0
DA:334,0
DA:335,0
DA:336,8
DA:338,8
DA:339,2
DA:340,2
DA:341,2
DA:342,1
DA:343,1
DA:345,1
DA:346,1
DA:347,1
DA:348,1
DA:349,1
DA:350,1
DA:351,1
DA:352,1
DA:353,1
DA:354,1
DA:355,2
DA:356,0
DA:357,0
DA:358,0
DA:359,8
DA:362,8
DA:363,4
DA:364,4
DA:366,4
DA:367,4
DA:368,4
DA:369,4
DA:370,4
DA:371,4
DA:372,4
DA:373,4
DA:374,4
DA:375,4
DA:378,4
DA:379,4
DA:381,4
DA:382,4
DA:383,4
DA:384,4
DA:385,4
DA:386,0
DA:387,0
DA:388,4
DA:391,4
DA:392,4
DA:393,4
DA:396,4
DA:397,4
DA:398,1
DA:399,1
DA:400,50
DA:401,50
DA:402,1
DA:403,1
DA:404,1
DA:407,4
DA:408,4
DA:410,4
DA:412,4
DA:413,4
DA:414,4
DA:415,4
DA:416,4
DA:419,0
DA:421,0
DA:422,0
DA:423,0
DA:424,0
DA:425,0
DA:426,0
DA:427,0
DA:428,0
DA:429,0
DA:430,0
DA:431,0
DA:432,0
DA:433,0
DA:434,0
DA:435,0
DA:436,0
DA:437,0
DA:438,0
DA:439,0
DA:440,0
DA:441,0
DA:442,0
DA:443,0
DA:444,0
DA:445,0
DA:446,0
DA:447,0
DA:448,0
DA:449,0
DA:450,0
DA:451,0
DA:452,0
DA:453,0
DA:454,0
DA:455,0
DA:456,0
DA:457,0
DA:458,0
DA:459,0
DA:460,0
DA:461,0
DA:462,0
DA:463,0
DA:464,0
DA:465,0
DA:466,0
DA:467,0
DA:468,0
DA:469,0
DA:470,0
DA:471,0
DA:472,0
DA:473,0
DA:474,0
DA:475,0
DA:476,0
DA:478,0
DA:479,0
DA:480,0
DA:481,0
DA:482,0
DA:483,0
DA:484,0
DA:485,0
DA:486,0
DA:487,0
DA:488,0
DA:489,0
DA:490,0
DA:491,0
DA:492,0
DA:493,0
DA:494,0
DA:495,0
DA:496,0
DA:497,0
DA:498,0
DA:499,0
DA:500,0
DA:501,0
DA:502,0
DA:503,0
DA:504,0
DA:505,0
DA:506,8
DA:508,8
DA:509,2
DA:511,2
DA:512,2
DA:513,1
DA:514,1
DA:516,1
DA:517,1
DA:518,2
DA:519,0
DA:520,0
DA:521,1
DA:522,2
DA:523,0
DA:524,0
DA:525,0
DA:526,8
DA:528,8
DA:529,2
DA:530,2
DA:531,2
DA:532,2
DA:533,2
DA:536,2
DA:537,1
DA:538,1
DA:539,1
DA:540,1
DA:541,1
DA:542,8
DA:545,8
DA:546,0
DA:547,0
DA:548,0
DA:549,0
DA:550,0
DA:551,0
DA:552,0
DA:553,0
DA:554,0
DA:555,0
DA:556,0
DA:557,0
DA:558,0
DA:559,0
DA:560,0
DA:561,0
DA:562,0
DA:563,0
DA:564,0
DA:565,0
DA:566,0
DA:567,0
DA:568,0
DA:569,0
DA:570,0
DA:571,0
DA:572,0
DA:573,0
DA:574,0
DA:575,0
DA:576,0
DA:577,0
DA:578,0
DA:579,0
DA:580,0
DA:581,0
DA:582,0
DA:583,0
DA:584,0
DA:585,0
DA:586,0
DA:587,0
DA:588,0
DA:589,0
DA:590,0
DA:591,0
DA:592,0
DA:593,0
DA:594,0
DA:595,0
DA:597,0
DA:598,0
DA:599,0
DA:601,0
DA:602,0
DA:603,0
DA:605,0
DA:606,0
DA:607,0
DA:608,0
DA:609,0
DA:610,8
DA:612,8
DA:613,2
DA:614,2
DA:615,2
DA:616,1
DA:617,1
DA:619,1
DA:620,1
DA:621,2
DA:622,0
DA:623,0
DA:624,0
DA:625,8
DA:627,8
DA:628,2
DA:629,2
DA:630,2
DA:631,1
DA:632,1
DA:634,1
DA:635,1
DA:636,2
DA:637,0
DA:638,0
DA:639,0
DA:640,8
DA:643,8
DA:644,2
DA:645,2
DA:647,2
DA:648,1
DA:649,1
DA:650,1
DA:651,1
DA:653,2
DA:654,2
DA:655,2
DA:656,0
DA:657,0
DA:658,0
DA:659,8
DA:661,8
DA:662,2
DA:663,2
DA:664,2
DA:665,2
DA:666,2
DA:668,2
DA:669,0
DA:670,2
DA:671,2
DA:672,2
DA:673,2
DA:674,8
DA:676,8
DA:677,3
DA:678,3
DA:679,3
DA:680,1
DA:681,1
DA:684,2
DA:685,2
DA:686,3
DA:687,1
DA:688,1
DA:690,1
DA:691,1
DA:692,3
DA:693,0
DA:694,0
DA:695,0
DA:696,8
DA:699,8
DA:700,2
DA:701,2
DA:703,2
DA:704,1
DA:705,1
DA:706,1
DA:707,1
DA:709,2
DA:710,2
DA:711,2
DA:712,0
DA:713,0
DA:714,0
DA:715,8
DA:717,8
DA:718,2
DA:719,2
DA:720,2
DA:721,0
DA:722,2
DA:723,2
DA:724,2
DA:725,2
DA:726,8
DA:728,8
DA:729,2
DA:730,2
DA:731,2
DA:732,1
DA:733,1
DA:735,1
DA:736,1
DA:737,2
DA:738,0
DA:739,0
DA:740,0
DA:741,8
DA:744,8
DA:745,0
DA:746,0
DA:747,0
DA:748,0
DA:751,0
DA:752,0
DA:754,0
DA:755,0
DA:756,0
DA:759,0
DA:760,0
DA:761,0
DA:762,0
DA:763,0
DA:766,0
DA:767,0
DA:768,0
DA:769,0
DA:770,0
DA:771,0
DA:772,0
DA:773,0
DA:774,0
DA:775,0
DA:776,0
DA:777,0
DA:778,8
DA:781,8
DA:782,2
DA:783,2
DA:784,0
DA:785,0
DA:787,2
DA:788,2
DA:789,2
DA:790,2
DA:791,2
DA:792,2
DA:793,2
DA:794,2
DA:795,2
DA:796,2
DA:799,2
DA:800,2
DA:801,2
DA:802,0
DA:803,0
DA:804,0
DA:805,8
DA:807,8
DA:808,2
DA:809,2
DA:811,2
DA:812,1
DA:813,1
DA:816,2
DA:817,2
DA:818,2
DA:819,0
DA:820,0
DA:821,0
DA:822,8
DA:825,8
DA:826,1
DA:827,1
DA:828,1
DA:829,1
DA:830,0
DA:831,0
DA:832,0
DA:833,8
DA:836,8
DA:837,1
DA:839,1
DA:840,1
DA:841,0
DA:842,0
DA:843,0
DA:844,8
DA:846,8
DA:847,2
DA:848,2
DA:849,2
DA:850,2
DA:851,2
DA:852,0
DA:853,0
DA:854,0
DA:855,8
DA:858,8
DA:859,4
DA:860,4
DA:862,4
DA:864,2
DA:866,1
DA:867,1
DA:868,1
DA:869,1
DA:870,1
DA:871,2
DA:872,1
DA:873,1
DA:875,1
DA:876,1
DA:877,1
DA:878,1
DA:879,1
DA:880,1
DA:881,1
DA:883,3
DA:884,4
DA:885,1
DA:887,1
DA:888,1
DA:889,1
DA:890,1
DA:891,1
DA:892,1
DA:893,1
DA:894,1
DA:895,1
DA:896,1
DA:897,1
DA:898,1
DA:899,1
DA:900,1
DA:901,8
DA:903,8
DA:904,0
DA:905,0
DA:906,0
DA:907,0
DA:908,0
DA:909,0
DA:912,0
DA:913,0
DA:914,0
DA:915,0
DA:916,0
DA:918,0
DA:919,0
DA:921,0
DA:922,0
DA:923,0
DA:924,0
DA:925,0
DA:926,0
DA:927,8
DA:929,8
DA:930,0
DA:931,0
DA:932,0
DA:933,0
DA:934,0
DA:937,0
DA:938,0
DA:939,0
DA:941,0
DA:942,0
DA:943,0
DA:945,0
DA:946,0
DA:947,0
DA:948,0
DA:949,0
DA:950,8
DA:952,8
DA:953,0
DA:955,0
DA:956,0
DA:957,0
DA:958,0
DA:960,0
DA:962,0
DA:963,0
DA:964,0
DA:965,0
DA:966,0
DA:969,0
DA:970,0
DA:971,0
DA:972,0
DA:973,0
DA:976,0
DA:977,0
DA:978,0
DA:979,0
DA:980,0
DA:981,0
DA:982,0
DA:983,0
DA:984,0
DA:985,0
DA:987,0
DA:988,0
DA:989,0
DA:991,0
DA:992,0
DA:993,0
DA:994,0
DA:995,0
DA:996,8
DA:998,8
DA:999,0
DA:1000,0
DA:1001,0
DA:1002,0
DA:1003,0
DA:1006,0
DA:1007,0
DA:1008,0
DA:1009,0
DA:1011,0
DA:1012,0
DA:1013,0
DA:1014,0
DA:1015,0
DA:1016,0
DA:1017,0
DA:1018,0
DA:1019,0
DA:1020,0
DA:1021,0
DA:1022,0
DA:1023,0
DA:1024,0
DA:1025,0
DA:1026,0
DA:1027,0
DA:1029,0
DA:1030,0
DA:1031,0
DA:1032,0
DA:1033,0
DA:1034,0
DA:1035,8
DA:1037,8
DA:1038,0
DA:1039,0
DA:1040,0
DA:1041,0
DA:1042,0
DA:1045,0
DA:1046,0
DA:1047,0
DA:1049,0
DA:1050,0
DA:1051,0
DA:1053,0
DA:1054,0
DA:1055,0
DA:1056,0
DA:1057,0
DA:1058,0
DA:1059,0
DA:1060,0
DA:1061,0
DA:1062,0
DA:1063,0
DA:1065,0
DA:1066,0
DA:1067,0
DA:1068,0
DA:1069,0
DA:1070,0
DA:1071,0
DA:1072,0
DA:1074,0
DA:1075,0
DA:1076,0
DA:1077,0
DA:1078,0
DA:1079,0
DA:1080,8
DA:1082,8
DA:1083,0
DA:1084,0
DA:1085,0
DA:1086,0
DA:1087,0
DA:1090,0
DA:1092,0
DA:1093,0
DA:1094,0
DA:1096,0
DA:1097,0
DA:1098,0
DA:1100,0
DA:1101,0
DA:1102,0
DA:1103,0
DA:1104,0
DA:1105,0
DA:1106,0
DA:1107,0
DA:1108,0
DA:1110,0
DA:1111,0
DA:1112,0
DA:1113,0
DA:1114,0
DA:1115,0
DA:1116,8
DA:1118,8
DA:1119,8
DA:1120,8
LF:954
LH:518
BRDA:15,0,0,8
BRDA:18,1,0,5
BRDA:25,2,0,0
BRDA:34,3,0,0
BRDA:40,4,0,0
BRDA:77,5,0,255
BRDA:77,6,0,250
BRDA:104,7,0,0
BRDA:105,8,0,0
BRDA:107,9,0,0
BRDA:107,10,0,0
BRDA:107,11,0,0
BRDA:109,12,0,0
BRDA:111,13,0,0
BRDA:111,14,0,0
BRDA:111,15,0,0
BRDA:112,16,0,0
BRDA:113,17,0,0
BRDA:114,18,0,0
BRDA:115,19,0,0
BRDA:116,20,0,0
BRDA:117,21,0,0
BRDA:119,22,0,0
BRDA:119,23,0,0
BRDA:119,24,0,0
BRDA:122,25,0,0
BRDA:218,26,0,0
BRDA:24,27,0,5
BRDA:39,28,0,956975
BRDA:41,29,0,255
BRDA:45,30,0,82045
BRDA:47,31,0,510
BRDA:48,32,0,255
BRDA:48,33,0,250
BRDA:48,34,0,0
BRDA:54,35,0,81535
BRDA:54,36,0,6370
BRDA:54,37,0,5865
BRDA:57,38,0,75670
BRDA:64,39,0,120
BRDA:67,40,0,120
BRDA:70,41,0,3000
BRDA:74,42,0,0
BRDA:80,43,0,6000
BRDA:94,44,0,500
BRDA:95,45,0,0
BRDA:95,46,0,0
BRDA:96,47,0,0
BRDA:99,48,0,0
BRDA:128,49,0,250
BRDA:147,50,0,60
BRDA:151,51,0,190
BRDA:153,52,0,0
BRDA:154,53,0,1330
BRDA:171,54,0,250
BRDA:172,55,0,0
BRDA:172,56,0,0
BRDA:173,57,0,0
BRDA:175,58,0,0
BRDA:175,59,0,0
BRDA:184,60,0,0
BRDA:184,61,0,0
BRDA:185,62,0,0
BRDA:185,63,0,0
BRDA:185,64,0,0
BRDA:188,65,0,0
BRDA:192,66,0,0
BRDA:194,67,0,0
BRDA:195,68,0,0
BRDA:196,69,0,0
BRDA:197,70,0,0
BRDA:198,71,0,0
BRDA:199,72,0,0
BRDA:201,73,0,220
BRDA:201,74,0,30
BRDA:202,75,0,195
BRDA:202,76,0,55
BRDA:203,77,0,0
BRDA:204,78,0,0
BRDA:204,79,0,0
BRDA:205,80,0,0
BRDA:206,81,0,0
BRDA:208,82,0,0
BRDA:208,83,0,0
BRDA:209,84,0,0
BRDA:210,85,0,0
BRDA:176,86,0,500
BRDA:177,87,0,0
BRDA:177,88,0,0
BRDA:225,89,0,3
BRDA:231,90,0,2
BRDA:232,91,0,1
BRDA:235,92,0,0
BRDA:237,93,0,1
BRDA:267,94,0,0
BRDA:267,95,0,0
BRDA:282,96,0,0
BRDA:286,97,0,2
BRDA:291,98,0,1
BRDA:308,99,0,0
BRDA:308,100,0,0
BRDA:324,101,0,0
BRDA:328,102,0,1
BRDA:332,103,0,0
BRDA:338,104,0,2
BRDA:341,105,0,1
BRDA:355,106,0,0
BRDA:362,107,0,4
BRDA:369,108,0,1
BRDA:369,109,0,3
BRDA:370,110,0,1
BRDA:370,111,0,3
BRDA:371,112,0,0
BRDA:384,113,0,2
BRDA:385,114,0,0
BRDA:397,115,0,1
BRDA:413,116,0,0
BRDA:416,117,0,0
BRDA:378,118,0,4
BRDA:399,119,0,50
BRDA:400,120,0,0
BRDA:401,121,0,0
BRDA:401,122,0,0
BRDA:508,123,0,2
BRDA:512,124,0,1
BRDA:518,125,0,0
BRDA:520,126,0,1
BRDA:522,127,0,0
BRDA:517,128,0,50
BRDA:528,129,0,2
BRDA:536,130,0,1
BRDA:612,131,0,2
BRDA:615,132,0,1
BRDA:615,133,0,1
BRDA:621,134,0,0
BRDA:627,135,0,2
BRDA:630,136,0,1
BRDA:630,137,0,1
BRDA:636,138,0,0
BRDA:643,139,0,2
BRDA:647,140,0,1
BRDA:655,141,0,0
BRDA:661,142,0,2
BRDA:668,143,0,0
BRDA:676,144,0,3
BRDA:679,145,0,1
BRDA:681,146,0,2
BRDA:685,147,0,1
BRDA:686,148,0,1
BRDA:692,149,0,0
BRDA:699,150,0,2
BRDA:703,151,0,1
BRDA:711,152,0,0
BRDA:717,153,0,2
BRDA:720,154,0,0
BRDA:728,155,0,2
BRDA:731,156,0,1
BRDA:737,157,0,0
BRDA:781,158,0,2
BRDA:783,159,0,0
BRDA:801,160,0,0
BRDA:807,161,0,2
BRDA:811,162,0,1
BRDA:818,163,0,0
BRDA:825,164,0,1
BRDA:829,165,0,0
BRDA:836,166,0,1
BRDA:840,167,0,0
BRDA:846,168,0,2
BRDA:851,169,0,0
BRDA:858,170,0,4
BRDA:862,171,0,2
BRDA:864,172,0,1
BRDA:871,173,0,1
BRDA:881,174,0,3
BRDA:884,175,0,1
BRDA:869,176,0,3
BRF:177
BRH:86
end_of_record
TN:
SF:server\storage.ts
FN:1,(empty-report)
FNF:1
FNH:0
FNDA:0,(empty-report)
DA:1,0
DA:2,0
DA:3,0
DA:4,0
DA:5,0
DA:6,0
DA:7,0
DA:8,0
DA:9,0
DA:10,0
DA:11,0
DA:12,0
DA:13,0
DA:14,0
DA:15,0
DA:16,0
DA:17,0
DA:18,0
DA:19,0
DA:20,0
DA:21,0
DA:22,0
DA:23,0
DA:24,0
DA:25,0
DA:26,0
DA:27,0
DA:28,0
DA:29,0
DA:30,0
DA:31,0
DA:32,0
DA:33,0
DA:34,0
DA:35,0
DA:36,0
DA:37,0
DA:38,0
DA:39,0
DA:40,0
DA:41,0
DA:42,0
DA:43,0
DA:44,0
DA:45,0
DA:46,0
DA:47,0
DA:48,0
DA:49,0
DA:50,0
DA:51,0
DA:52,0
DA:53,0
DA:54,0
DA:55,0
DA:56,0
DA:57,0
DA:58,0
DA:59,0
DA:60,0
DA:61,0
DA:62,0
DA:63,0
DA:64,0
DA:65,0
DA:66,0
DA:67,0
DA:68,0
DA:69,0
DA:70,0
DA:71,0
DA:72,0
DA:73,0
DA:74,0
DA:75,0
DA:76,0
DA:77,0
DA:78,0
DA:79,0
DA:80,0
DA:81,0
DA:82,0
DA:83,0
DA:84,0
DA:85,0
DA:86,0
DA:87,0
DA:88,0
DA:89,0
DA:90,0
DA:91,0
DA:92,0
DA:93,0
DA:94,0
DA:95,0
DA:96,0
DA:97,0
DA:98,0
DA:99,0
DA:100,0
DA:101,0
DA:102,0
DA:103,0
DA:104,0
DA:105,0
DA:106,0
DA:107,0
DA:108,0
DA:109,0
DA:110,0
DA:111,0
DA:112,0
DA:113,0
DA:114,0
DA:115,0
DA:116,0
DA:117,0
DA:118,0
DA:119,0
DA:120,0
DA:121,0
DA:122,0
DA:123,0
DA:124,0
DA:125,0
DA:126,0
DA:127,0
DA:128,0
DA:129,0
DA:130,0
DA:131,0
DA:132,0
DA:133,0
DA:134,0
DA:135,0
DA:136,0
DA:137,0
DA:138,0
DA:139,0
DA:140,0
DA:141,0
DA:142,0
DA:143,0
DA:144,0
DA:145,0
DA:146,0
DA:147,0
DA:148,0
DA:149,0
DA:150,0
DA:151,0
DA:152,0
DA:153,0
DA:154,0
DA:155,0
DA:156,0
DA:157,0
DA:158,0
DA:159,0
DA:160,0
DA:161,0
DA:162,0
DA:163,0
DA:164,0
DA:165,0
DA:166,0
DA:167,0
DA:168,0
DA:169,0
DA:170,0
DA:171,0
DA:172,0
DA:173,0
DA:174,0
DA:175,0
DA:176,0
DA:177,0
DA:178,0
DA:179,0
DA:180,0
DA:181,0
DA:182,0
DA:183,0
DA:184,0
DA:185,0
DA:186,0
DA:187,0
DA:188,0
DA:189,0
DA:190,0
DA:191,0
DA:192,0
DA:193,0
DA:194,0
DA:195,0
DA:196,0
DA:197,0
DA:198,0
DA:199,0
DA:200,0
DA:201,0
DA:202,0
DA:203,0
DA:204,0
DA:205,0
DA:206,0
DA:207,0
DA:208,0
DA:209,0
DA:210,0
DA:211,0
DA:212,0
DA:213,0
DA:214,0
DA:215,0
DA:216,0
DA:217,0
DA:218,0
DA:219,0
DA:220,0
DA:221,0
DA:222,0
DA:223,0
DA:224,0
DA:225,0
DA:226,0
DA:227,0
DA:228,0
DA:229,0
DA:230,0
DA:231,0
DA:232,0
DA:233,0
DA:234,0
DA:235,0
DA:236,0
DA:237,0
DA:238,0
DA:239,0
DA:240,0
DA:241,0
DA:242,0
DA:243,0
DA:244,0
DA:245,0
DA:246,0
DA:247,0
DA:248,0
DA:249,0
DA:250,0
DA:251,0
DA:252,0
DA:253,0
DA:254,0
DA:255,0
DA:256,0
DA:257,0
DA:258,0
DA:259,0
DA:260,0
DA:261,0
DA:262,0
DA:263,0
DA:264,0
DA:265,0
DA:266,0
DA:267,0
DA:268,0
DA:269,0
DA:270,0
DA:271,0
DA:272,0
DA:273,0
DA:274,0
DA:275,0
DA:276,0
DA:277,0
DA:278,0
DA:279,0
DA:280,0
DA:281,0
DA:282,0
DA:283,0
DA:284,0
DA:285,0
DA:286,0
DA:287,0
DA:288,0
DA:289,0
DA:290,0
DA:291,0
DA:292,0
DA:293,0
DA:294,0
DA:295,0
DA:296,0
DA:297,0
DA:298,0
DA:299,0
DA:300,0
DA:301,0
DA:302,0
DA:303,0
DA:304,0
DA:305,0
DA:306,0
DA:307,0
DA:308,0
DA:309,0
DA:310,0
DA:311,0
DA:312,0
DA:313,0
DA:314,0
DA:315,0
DA:316,0
DA:317,0
DA:318,0
DA:319,0
DA:320,0
DA:321,0
DA:322,0
DA:323,0
DA:324,0
DA:325,0
DA:326,0
DA:327,0
DA:328,0
DA:329,0
DA:330,0
DA:331,0
DA:332,0
DA:333,0
DA:334,0
DA:335,0
DA:336,0
DA:337,0
DA:338,0
DA:339,0
DA:340,0
DA:341,0
DA:342,0
DA:343,0
DA:344,0
DA:345,0
DA:346,0
DA:347,0
DA:348,0
DA:349,0
DA:350,0
DA:351,0
DA:352,0
DA:353,0
DA:354,0
DA:355,0
DA:356,0
DA:357,0
DA:358,0
DA:359,0
DA:360,0
DA:361,0
DA:362,0
DA:363,0
DA:364,0
DA:365,0
DA:366,0
DA:367,0
DA:368,0
DA:369,0
DA:370,0
DA:371,0
DA:372,0
DA:373,0
DA:374,0
DA:375,0
DA:376,0
DA:377,0
DA:378,0
DA:379,0
DA:380,0
DA:381,0
DA:382,0
DA:383,0
DA:384,0
DA:385,0
DA:386,0
DA:387,0
DA:388,0
DA:389,0
DA:390,0
DA:391,0
DA:392,0
DA:393,0
DA:394,0
DA:395,0
DA:396,0
DA:397,0
DA:398,0
DA:399,0
DA:400,0
DA:401,0
DA:402,0
DA:403,0
DA:404,0
DA:405,0
DA:406,0
DA:407,0
DA:408,0
DA:409,0
DA:410,0
DA:411,0
DA:412,0
DA:413,0
DA:414,0
DA:415,0
DA:416,0
DA:417,0
DA:418,0
DA:419,0
DA:420,0
DA:421,0
DA:422,0
DA:423,0
DA:424,0
DA:425,0
DA:426,0
DA:427,0
DA:428,0
DA:429,0
DA:430,0
DA:431,0
DA:432,0
DA:433,0
DA:434,0
DA:435,0
DA:436,0
DA:437,0
DA:438,0
DA:439,0
DA:440,0
DA:441,0
DA:442,0
DA:443,0
DA:444,0
DA:445,0
DA:446,0
DA:447,0
DA:448,0
DA:449,0
DA:450,0
DA:451,0
DA:452,0
DA:453,0
DA:454,0
DA:455,0
DA:456,0
DA:457,0
DA:458,0
DA:459,0
DA:460,0
DA:461,0
DA:462,0
DA:463,0
DA:464,0
DA:465,0
DA:466,0
DA:467,0
DA:468,0
DA:469,0
DA:470,0
DA:471,0
DA:472,0
DA:473,0
DA:474,0
DA:475,0
DA:476,0
DA:477,0
DA:478,0
DA:479,0
DA:480,0
DA:481,0
DA:482,0
DA:483,0
DA:484,0
DA:485,0
DA:486,0
DA:487,0
DA:488,0
DA:489,0
DA:490,0
DA:491,0
DA:492,0
DA:493,0
DA:494,0
DA:495,0
DA:496,0
DA:497,0
DA:498,0
DA:499,0
DA:500,0
DA:501,0
DA:502,0
DA:503,0
DA:504,0
DA:505,0
DA:506,0
DA:507,0
DA:508,0
DA:509,0
DA:510,0
DA:511,0
DA:512,0
DA:513,0
DA:514,0
DA:515,0
DA:516,0
DA:517,0
DA:518,0
DA:519,0
DA:520,0
DA:521,0
DA:522,0
DA:523,0
DA:524,0
DA:525,0
DA:526,0
DA:527,0
DA:528,0
DA:529,0
DA:530,0
DA:531,0
DA:532,0
DA:533,0
DA:534,0
DA:535,0
DA:536,0
DA:537,0
DA:538,0
DA:539,0
DA:540,0
DA:541,0
DA:542,0
DA:543,0
DA:544,0
DA:545,0
DA:546,0
DA:547,0
DA:548,0
DA:549,0
DA:550,0
DA:551,0
DA:552,0
DA:553,0
DA:554,0
DA:555,0
DA:556,0
DA:557,0
DA:558,0
DA:559,0
DA:560,0
DA:561,0
DA:562,0
DA:563,0
DA:564,0
DA:565,0
DA:566,0
DA:567,0
DA:568,0
DA:569,0
DA:570,0
DA:571,0
DA:572,0
DA:573,0
DA:574,0
DA:575,0
DA:576,0
DA:577,0
DA:578,0
DA:579,0
DA:580,0
DA:581,0
DA:582,0
DA:583,0
DA:584,0
DA:585,0
DA:586,0
DA:587,0
DA:588,0
DA:589,0
DA:590,0
DA:591,0
DA:592,0
DA:593,0
DA:594,0
DA:595,0
DA:596,0
DA:597,0
DA:598,0
DA:599,0
DA:600,0
DA:601,0
DA:602,0
DA:603,0
DA:604,0
DA:605,0
DA:606,0
DA:607,0
DA:608,0
LF:608
LH:0
BRDA:1,0,0,0
BRF:1
BRH:0
end_of_record
